

Started GET "/" for ::1 at 2015-05-31 14:13:21 -0600
Processing by Rails::WelcomeController#index as HTML
  Rendered /home/diugalde/.rbenv/versions/2.2.1/lib/ruby/gems/2.2.0/gems/railties-4.2.0/lib/rails/templates/rails/welcome/index.html.erb (2.7ms)
Completed 200 OK in 59ms (Views: 35.1ms | ActiveRecord: 0.0ms)


Started GET "/" for ::1 at 2015-05-31 14:14:02 -0600
Processing by PagesController#home as HTML
  Rendered pages/home.html.haml within layouts/application (0.8ms)
Completed 200 OK in 714ms (Views: 713.3ms | ActiveRecord: 0.0ms)


Started GET "/assets/application.self-e80e8f2318043e8af94dddc2adad5a4f09739a8ebb323b3ab31cd71d45fd9113.css?body=1" for ::1 at 2015-05-31 14:14:03 -0600


Started GET "/assets/pages.self-e3b0c44298fc1c149afbf4c8996fb92427ae41e4649b934ca495991b7852b855.css?body=1" for ::1 at 2015-05-31 14:14:03 -0600


Started GET "/assets/jquery.self-d03a5518f45df77341bdbe6201ba3bfa547ebba8ed64f0ea56bfa5f96ea7c074.js?body=1" for ::1 at 2015-05-31 14:14:03 -0600


Started GET "/assets/turbolinks.self-c37727e9bd6b2735da5c311aa83fead54ed0be6cc8bd9a65309e9c5abe2cbfff.js?body=1" for ::1 at 2015-05-31 14:14:03 -0600


Started GET "/assets/jquery_ujs.self-8e98a7a072a6cee1372d19fff9ff3e6aa1e39a37d89d6f06861637d061113ee7.js?body=1" for ::1 at 2015-05-31 14:14:03 -0600


Started GET "/assets/pages.self-877aef30ae1b040ab8a3aba4e3e309a11d7f2612f44dde450b5c157aa5f95c05.js?body=1" for ::1 at 2015-05-31 14:14:03 -0600


Started GET "/assets/application.self-3a3c8b61bda630ee689740ce7cbd0dd8ea6fdd45e2c42eef4661ab38cf268afe.js?body=1" for ::1 at 2015-05-31 14:14:03 -0600


Started GET "/" for ::1 at 2015-05-31 14:15:26 -0600
Processing by PagesController#home as HTML
  Rendered pages/home.html.haml within layouts/application (0.1ms)
Completed 200 OK in 47ms (Views: 46.9ms | ActiveRecord: 0.0ms)


Started GET "/assets/jquery.self-d03a5518f45df77341bdbe6201ba3bfa547ebba8ed64f0ea56bfa5f96ea7c074.js?body=1" for ::1 at 2015-05-31 14:15:26 -0600


Started GET "/assets/application.self-e80e8f2318043e8af94dddc2adad5a4f09739a8ebb323b3ab31cd71d45fd9113.css?body=1" for ::1 at 2015-05-31 14:15:26 -0600


Started GET "/assets/pages.self-e3b0c44298fc1c149afbf4c8996fb92427ae41e4649b934ca495991b7852b855.css?body=1" for ::1 at 2015-05-31 14:15:26 -0600


Started GET "/assets/jquery_ujs.self-8e98a7a072a6cee1372d19fff9ff3e6aa1e39a37d89d6f06861637d061113ee7.js?body=1" for ::1 at 2015-05-31 14:15:26 -0600


Started GET "/assets/pages.self-877aef30ae1b040ab8a3aba4e3e309a11d7f2612f44dde450b5c157aa5f95c05.js?body=1" for ::1 at 2015-05-31 14:15:26 -0600


Started GET "/assets/turbolinks.self-c37727e9bd6b2735da5c311aa83fead54ed0be6cc8bd9a65309e9c5abe2cbfff.js?body=1" for ::1 at 2015-05-31 14:15:26 -0600


Started GET "/assets/application.self-3a3c8b61bda630ee689740ce7cbd0dd8ea6fdd45e2c42eef4661ab38cf268afe.js?body=1" for ::1 at 2015-05-31 14:15:26 -0600


Started GET "/" for ::1 at 2015-05-31 14:33:05 -0600
Processing by PagesController#home as HTML
  Rendered pages/home.html.haml within layouts/application (0.2ms)
Completed 200 OK in 32ms (Views: 31.2ms | ActiveRecord: 0.0ms)


Started GET "/assets/application.self-e80e8f2318043e8af94dddc2adad5a4f09739a8ebb323b3ab31cd71d45fd9113.css?body=1" for ::1 at 2015-05-31 14:33:05 -0600


Started GET "/assets/pages.self-e3b0c44298fc1c149afbf4c8996fb92427ae41e4649b934ca495991b7852b855.css?body=1" for ::1 at 2015-05-31 14:33:05 -0600


Started GET "/assets/jquery.self-d03a5518f45df77341bdbe6201ba3bfa547ebba8ed64f0ea56bfa5f96ea7c074.js?body=1" for ::1 at 2015-05-31 14:33:05 -0600


Started GET "/assets/turbolinks.self-c37727e9bd6b2735da5c311aa83fead54ed0be6cc8bd9a65309e9c5abe2cbfff.js?body=1" for ::1 at 2015-05-31 14:33:06 -0600


Started GET "/assets/jquery_ujs.self-8e98a7a072a6cee1372d19fff9ff3e6aa1e39a37d89d6f06861637d061113ee7.js?body=1" for ::1 at 2015-05-31 14:33:06 -0600


Started GET "/assets/pages.self-877aef30ae1b040ab8a3aba4e3e309a11d7f2612f44dde450b5c157aa5f95c05.js?body=1" for ::1 at 2015-05-31 14:33:06 -0600


Started GET "/assets/application.self-3a3c8b61bda630ee689740ce7cbd0dd8ea6fdd45e2c42eef4661ab38cf268afe.js?body=1" for ::1 at 2015-05-31 14:33:06 -0600


Started GET "/" for ::1 at 2015-05-31 14:33:17 -0600
Processing by PagesController#home as HTML
  Rendered pages/home.html.haml within layouts/application (0.1ms)
Completed 200 OK in 32ms (Views: 30.6ms | ActiveRecord: 0.0ms)


Started GET "/assets/pages.self-e3b0c44298fc1c149afbf4c8996fb92427ae41e4649b934ca495991b7852b855.css?body=1" for ::1 at 2015-05-31 14:33:18 -0600


Started GET "/assets/jquery.self-d03a5518f45df77341bdbe6201ba3bfa547ebba8ed64f0ea56bfa5f96ea7c074.js?body=1" for ::1 at 2015-05-31 14:33:18 -0600


Started GET "/assets/application.self-e80e8f2318043e8af94dddc2adad5a4f09739a8ebb323b3ab31cd71d45fd9113.css?body=1" for ::1 at 2015-05-31 14:33:18 -0600


Started GET "/assets/pages.self-877aef30ae1b040ab8a3aba4e3e309a11d7f2612f44dde450b5c157aa5f95c05.js?body=1" for ::1 at 2015-05-31 14:33:18 -0600


Started GET "/assets/turbolinks.self-c37727e9bd6b2735da5c311aa83fead54ed0be6cc8bd9a65309e9c5abe2cbfff.js?body=1" for ::1 at 2015-05-31 14:33:18 -0600


Started GET "/assets/jquery_ujs.self-8e98a7a072a6cee1372d19fff9ff3e6aa1e39a37d89d6f06861637d061113ee7.js?body=1" for ::1 at 2015-05-31 14:33:18 -0600


Started GET "/assets/application.self-3a3c8b61bda630ee689740ce7cbd0dd8ea6fdd45e2c42eef4661ab38cf268afe.js?body=1" for ::1 at 2015-05-31 14:33:18 -0600


Started GET "/" for ::1 at 2015-05-31 14:40:01 -0600
Processing by PagesController#home as HTML
  Rendered pages/home.html.haml within layouts/application (1.8ms)
Completed 200 OK in 1885ms (Views: 1877.2ms | ActiveRecord: 0.0ms)


Started GET "/assets/application.self-5080f429858ab8253cda01d2d7d9df20762908ff0ff73d780e4976b927375af2.css?body=1" for ::1 at 2015-05-31 14:40:03 -0600


Started GET "/assets/jquery.self-d03a5518f45df77341bdbe6201ba3bfa547ebba8ed64f0ea56bfa5f96ea7c074.js?body=1" for ::1 at 2015-05-31 14:40:03 -0600


Started GET "/assets/bootstrap_and_overrides.self-46dd80d79b8a9997a440abf80cb4c693d790dc476ed4da4cfbb29c64ddd7dcc9.css?body=1" for ::1 at 2015-05-31 14:40:03 -0600


Started GET "/assets/jquery_ujs.self-8e98a7a072a6cee1372d19fff9ff3e6aa1e39a37d89d6f06861637d061113ee7.js?body=1" for ::1 at 2015-05-31 14:40:03 -0600


Started GET "/assets/pages.self-e3b0c44298fc1c149afbf4c8996fb92427ae41e4649b934ca495991b7852b855.css?body=1" for ::1 at 2015-05-31 14:40:03 -0600


Started GET "/assets/twitter/bootstrap/transition.self-db278e3a8fa6249c16796b113ebd29e11ef4e2cd021618ed84895d524a4511e0.js?body=1" for ::1 at 2015-05-31 14:40:03 -0600


Started GET "/assets/twitter/bootstrap/alert.self-ebce91ec66c71bcee451ea7da9128fd1bf8faa02c6d22ea04c598423431e4c08.js?body=1" for ::1 at 2015-05-31 14:40:03 -0600


Started GET "/assets/twitter/bootstrap/modal.self-ab1767545e27c0dbd36971e656ae4927171f673e3d932cdec2cbef39e991952b.js?body=1" for ::1 at 2015-05-31 14:40:03 -0600


Started GET "/assets/twitter/bootstrap/dropdown.self-8bb9309b6c24a4ba6b94026a049d25b13bdc0553b6fe83255c14a715ba624cc4.js?body=1" for ::1 at 2015-05-31 14:40:03 -0600


Started GET "/assets/twitter/bootstrap/scrollspy.self-bd0c6724cdc75302fe98dfeff923112b76c1673cf4a0752a7050b7feea15594c.js?body=1" for ::1 at 2015-05-31 14:40:03 -0600


Started GET "/assets/twitter/bootstrap/tab.self-7e3ee4a243bb416b5f0111a0be08f8547c5d72ba71fe4afe4a4a007f5cb4e10e.js?body=1" for ::1 at 2015-05-31 14:40:03 -0600


Started GET "/assets/twitter/bootstrap/tooltip.self-d7f9330825307d053f68da11bb9ddc9b070df72deef3d115f2f3d55f66b17457.js?body=1" for ::1 at 2015-05-31 14:40:03 -0600


Started GET "/assets/twitter/bootstrap/popover.self-cd672ecad3b549e1dbd89bfd044e5812d6fdade56f42d48e3acee0c3f4614526.js?body=1" for ::1 at 2015-05-31 14:40:03 -0600


Started GET "/assets/twitter/bootstrap/button.self-ceb562de883e04359bb2c06f07bdf6ecf065cc8a5027e2e58857c5e91b0b68e3.js?body=1" for ::1 at 2015-05-31 14:40:03 -0600


Started GET "/assets/twitter/bootstrap/collapse.self-a87553101c955a01e2e8c81fad69a16582ddbf58fe95d5eb335dde5567af7647.js?body=1" for ::1 at 2015-05-31 14:40:03 -0600


Started GET "/assets/twitter/bootstrap/carousel.self-5d09995e01b647168888180d40e271f9a6759d68ae7ac029d7026af58813d376.js?body=1" for ::1 at 2015-05-31 14:40:03 -0600


Started GET "/assets/twitter/bootstrap/affix.self-14e04bbe71282aa039322ab93e3a3a886ddede5f59a2f365f7c861f697bbeb21.js?body=1" for ::1 at 2015-05-31 14:40:03 -0600


Started GET "/assets/turbolinks.self-c37727e9bd6b2735da5c311aa83fead54ed0be6cc8bd9a65309e9c5abe2cbfff.js?body=1" for ::1 at 2015-05-31 14:40:03 -0600


Started GET "/assets/twitter/bootstrap.self-fbfa5ad7d9aa0afe439ec4ff3883acc4cb92b62cb67c40d674320c9aa1d4642d.js?body=1" for ::1 at 2015-05-31 14:40:03 -0600


Started GET "/assets/application.self-f98a0dd27ad1c55b2b9cfe97296d4887e5d4a4535b3bbbf9130c1050771738b2.js?body=1" for ::1 at 2015-05-31 14:40:03 -0600


Started GET "/assets/fontawesome-webfont-e3870de89716b72cb61a4bba0e17c75783b361cdaba35ea96961c3070bd8ca18.woff" for ::1 at 2015-05-31 14:40:03 -0600


Started GET "/" for ::1 at 2015-05-31 14:49:18 -0600
Processing by PagesController#home as HTML
  Rendered pages/home.html.haml within layouts/application (0.1ms)
Completed 200 OK in 73ms (Views: 72.4ms | ActiveRecord: 0.0ms)


Started GET "/assets/bootstrap_and_overrides.self-46dd80d79b8a9997a440abf80cb4c693d790dc476ed4da4cfbb29c64ddd7dcc9.css?body=1" for ::1 at 2015-05-31 14:49:18 -0600


Started GET "/assets/jquery.self-d03a5518f45df77341bdbe6201ba3bfa547ebba8ed64f0ea56bfa5f96ea7c074.js?body=1" for ::1 at 2015-05-31 14:49:18 -0600


Started GET "/assets/pages.self-e3b0c44298fc1c149afbf4c8996fb92427ae41e4649b934ca495991b7852b855.css?body=1" for ::1 at 2015-05-31 14:49:18 -0600


Started GET "/assets/application.self-5080f429858ab8253cda01d2d7d9df20762908ff0ff73d780e4976b927375af2.css?body=1" for ::1 at 2015-05-31 14:49:18 -0600


Started GET "/assets/jquery_ujs.self-8e98a7a072a6cee1372d19fff9ff3e6aa1e39a37d89d6f06861637d061113ee7.js?body=1" for ::1 at 2015-05-31 14:49:18 -0600


Started GET "/assets/twitter/bootstrap/transition.self-db278e3a8fa6249c16796b113ebd29e11ef4e2cd021618ed84895d524a4511e0.js?body=1" for ::1 at 2015-05-31 14:49:18 -0600


Started GET "/assets/twitter/bootstrap/alert.self-ebce91ec66c71bcee451ea7da9128fd1bf8faa02c6d22ea04c598423431e4c08.js?body=1" for ::1 at 2015-05-31 14:49:18 -0600


Started GET "/assets/twitter/bootstrap/modal.self-ab1767545e27c0dbd36971e656ae4927171f673e3d932cdec2cbef39e991952b.js?body=1" for ::1 at 2015-05-31 14:49:18 -0600


Started GET "/assets/twitter/bootstrap/dropdown.self-8bb9309b6c24a4ba6b94026a049d25b13bdc0553b6fe83255c14a715ba624cc4.js?body=1" for ::1 at 2015-05-31 14:49:18 -0600


Started GET "/assets/twitter/bootstrap/scrollspy.self-bd0c6724cdc75302fe98dfeff923112b76c1673cf4a0752a7050b7feea15594c.js?body=1" for ::1 at 2015-05-31 14:49:18 -0600


Started GET "/assets/twitter/bootstrap/tab.self-7e3ee4a243bb416b5f0111a0be08f8547c5d72ba71fe4afe4a4a007f5cb4e10e.js?body=1" for ::1 at 2015-05-31 14:49:18 -0600


Started GET "/assets/twitter/bootstrap/tooltip.self-d7f9330825307d053f68da11bb9ddc9b070df72deef3d115f2f3d55f66b17457.js?body=1" for ::1 at 2015-05-31 14:49:18 -0600


Started GET "/assets/twitter/bootstrap/popover.self-cd672ecad3b549e1dbd89bfd044e5812d6fdade56f42d48e3acee0c3f4614526.js?body=1" for ::1 at 2015-05-31 14:49:18 -0600


Started GET "/assets/twitter/bootstrap/button.self-ceb562de883e04359bb2c06f07bdf6ecf065cc8a5027e2e58857c5e91b0b68e3.js?body=1" for ::1 at 2015-05-31 14:49:18 -0600


Started GET "/assets/twitter/bootstrap/collapse.self-a87553101c955a01e2e8c81fad69a16582ddbf58fe95d5eb335dde5567af7647.js?body=1" for ::1 at 2015-05-31 14:49:18 -0600


Started GET "/assets/twitter/bootstrap/carousel.self-5d09995e01b647168888180d40e271f9a6759d68ae7ac029d7026af58813d376.js?body=1" for ::1 at 2015-05-31 14:49:18 -0600


Started GET "/assets/twitter/bootstrap/affix.self-14e04bbe71282aa039322ab93e3a3a886ddede5f59a2f365f7c861f697bbeb21.js?body=1" for ::1 at 2015-05-31 14:49:18 -0600


Started GET "/assets/twitter/bootstrap.self-fbfa5ad7d9aa0afe439ec4ff3883acc4cb92b62cb67c40d674320c9aa1d4642d.js?body=1" for ::1 at 2015-05-31 14:49:18 -0600


Started GET "/assets/turbolinks.self-c37727e9bd6b2735da5c311aa83fead54ed0be6cc8bd9a65309e9c5abe2cbfff.js?body=1" for ::1 at 2015-05-31 14:49:18 -0600


Started GET "/assets/application.self-f98a0dd27ad1c55b2b9cfe97296d4887e5d4a4535b3bbbf9130c1050771738b2.js?body=1" for ::1 at 2015-05-31 14:49:18 -0600


Started GET "/assets/fontawesome-webfont-e3870de89716b72cb61a4bba0e17c75783b361cdaba35ea96961c3070bd8ca18.woff" for ::1 at 2015-05-31 14:49:18 -0600


Started GET "/" for ::1 at 2015-05-31 14:50:12 -0600
Processing by PagesController#home as HTML
  Rendered pages/home.html.haml within layouts/application (0.1ms)
Completed 200 OK in 106ms (Views: 105.4ms | ActiveRecord: 0.0ms)


Started GET "/assets/bootstrap_and_overrides.self-46dd80d79b8a9997a440abf80cb4c693d790dc476ed4da4cfbb29c64ddd7dcc9.css?body=1" for ::1 at 2015-05-31 14:50:12 -0600


Started GET "/assets/pages.self-e3b0c44298fc1c149afbf4c8996fb92427ae41e4649b934ca495991b7852b855.css?body=1" for ::1 at 2015-05-31 14:50:12 -0600


Started GET "/assets/twitter/bootstrap/transition.self-db278e3a8fa6249c16796b113ebd29e11ef4e2cd021618ed84895d524a4511e0.js?body=1" for ::1 at 2015-05-31 14:50:12 -0600


Started GET "/assets/jquery_ujs.self-8e98a7a072a6cee1372d19fff9ff3e6aa1e39a37d89d6f06861637d061113ee7.js?body=1" for ::1 at 2015-05-31 14:50:12 -0600


Started GET "/assets/jquery.self-d03a5518f45df77341bdbe6201ba3bfa547ebba8ed64f0ea56bfa5f96ea7c074.js?body=1" for ::1 at 2015-05-31 14:50:12 -0600


Started GET "/assets/twitter/bootstrap/dropdown.self-8bb9309b6c24a4ba6b94026a049d25b13bdc0553b6fe83255c14a715ba624cc4.js?body=1" for ::1 at 2015-05-31 14:50:12 -0600


Started GET "/assets/twitter/bootstrap/alert.self-ebce91ec66c71bcee451ea7da9128fd1bf8faa02c6d22ea04c598423431e4c08.js?body=1" for ::1 at 2015-05-31 14:50:12 -0600


Started GET "/assets/application.self-e6b3a4b513817aba222d939bf9b40fa5640fd85511ada68e373db8cffa946487.css?body=1" for ::1 at 2015-05-31 14:50:12 -0600


Started GET "/assets/twitter/bootstrap/modal.self-ab1767545e27c0dbd36971e656ae4927171f673e3d932cdec2cbef39e991952b.js?body=1" for ::1 at 2015-05-31 14:50:12 -0600


Started GET "/assets/twitter/bootstrap/scrollspy.self-bd0c6724cdc75302fe98dfeff923112b76c1673cf4a0752a7050b7feea15594c.js?body=1" for ::1 at 2015-05-31 14:50:12 -0600


Started GET "/assets/twitter/bootstrap/tab.self-7e3ee4a243bb416b5f0111a0be08f8547c5d72ba71fe4afe4a4a007f5cb4e10e.js?body=1" for ::1 at 2015-05-31 14:50:12 -0600


Started GET "/assets/twitter/bootstrap/tooltip.self-d7f9330825307d053f68da11bb9ddc9b070df72deef3d115f2f3d55f66b17457.js?body=1" for ::1 at 2015-05-31 14:50:12 -0600


Started GET "/assets/twitter/bootstrap/popover.self-cd672ecad3b549e1dbd89bfd044e5812d6fdade56f42d48e3acee0c3f4614526.js?body=1" for ::1 at 2015-05-31 14:50:12 -0600


Started GET "/assets/twitter/bootstrap/button.self-ceb562de883e04359bb2c06f07bdf6ecf065cc8a5027e2e58857c5e91b0b68e3.js?body=1" for ::1 at 2015-05-31 14:50:12 -0600


Started GET "/assets/twitter/bootstrap/collapse.self-a87553101c955a01e2e8c81fad69a16582ddbf58fe95d5eb335dde5567af7647.js?body=1" for ::1 at 2015-05-31 14:50:12 -0600


Started GET "/assets/twitter/bootstrap/carousel.self-5d09995e01b647168888180d40e271f9a6759d68ae7ac029d7026af58813d376.js?body=1" for ::1 at 2015-05-31 14:50:12 -0600


Started GET "/assets/twitter/bootstrap/affix.self-14e04bbe71282aa039322ab93e3a3a886ddede5f59a2f365f7c861f697bbeb21.js?body=1" for ::1 at 2015-05-31 14:50:12 -0600


Started GET "/assets/twitter/bootstrap.self-fbfa5ad7d9aa0afe439ec4ff3883acc4cb92b62cb67c40d674320c9aa1d4642d.js?body=1" for ::1 at 2015-05-31 14:50:12 -0600


Started GET "/assets/turbolinks.self-c37727e9bd6b2735da5c311aa83fead54ed0be6cc8bd9a65309e9c5abe2cbfff.js?body=1" for ::1 at 2015-05-31 14:50:12 -0600


Started GET "/assets/application.self-f98a0dd27ad1c55b2b9cfe97296d4887e5d4a4535b3bbbf9130c1050771738b2.js?body=1" for ::1 at 2015-05-31 14:50:12 -0600


Started GET "/assets/fontawesome-webfont-e3870de89716b72cb61a4bba0e17c75783b361cdaba35ea96961c3070bd8ca18.woff" for ::1 at 2015-05-31 14:50:12 -0600


Started GET "/" for ::1 at 2015-05-31 14:50:28 -0600
Processing by PagesController#home as HTML
  Rendered pages/home.html.haml within layouts/application (0.6ms)
Completed 200 OK in 95ms (Views: 94.7ms | ActiveRecord: 0.0ms)


Started GET "/assets/bootstrap_and_overrides.self-46dd80d79b8a9997a440abf80cb4c693d790dc476ed4da4cfbb29c64ddd7dcc9.css?body=1" for ::1 at 2015-05-31 14:50:28 -0600


Started GET "/assets/jquery_ujs.self-8e98a7a072a6cee1372d19fff9ff3e6aa1e39a37d89d6f06861637d061113ee7.js?body=1" for ::1 at 2015-05-31 14:50:28 -0600


Started GET "/assets/application.self-e6b3a4b513817aba222d939bf9b40fa5640fd85511ada68e373db8cffa946487.css?body=1" for ::1 at 2015-05-31 14:50:28 -0600


Started GET "/assets/jquery.self-d03a5518f45df77341bdbe6201ba3bfa547ebba8ed64f0ea56bfa5f96ea7c074.js?body=1" for ::1 at 2015-05-31 14:50:28 -0600


Started GET "/assets/twitter/bootstrap/transition.self-db278e3a8fa6249c16796b113ebd29e11ef4e2cd021618ed84895d524a4511e0.js?body=1" for ::1 at 2015-05-31 14:50:28 -0600


Started GET "/assets/pages.self-e3b0c44298fc1c149afbf4c8996fb92427ae41e4649b934ca495991b7852b855.css?body=1" for ::1 at 2015-05-31 14:50:28 -0600


Started GET "/assets/twitter/bootstrap/alert.self-ebce91ec66c71bcee451ea7da9128fd1bf8faa02c6d22ea04c598423431e4c08.js?body=1" for ::1 at 2015-05-31 14:50:28 -0600


Started GET "/assets/twitter/bootstrap/modal.self-ab1767545e27c0dbd36971e656ae4927171f673e3d932cdec2cbef39e991952b.js?body=1" for ::1 at 2015-05-31 14:50:28 -0600


Started GET "/assets/twitter/bootstrap/dropdown.self-8bb9309b6c24a4ba6b94026a049d25b13bdc0553b6fe83255c14a715ba624cc4.js?body=1" for ::1 at 2015-05-31 14:50:28 -0600


Started GET "/assets/twitter/bootstrap/scrollspy.self-bd0c6724cdc75302fe98dfeff923112b76c1673cf4a0752a7050b7feea15594c.js?body=1" for ::1 at 2015-05-31 14:50:28 -0600


Started GET "/assets/twitter/bootstrap/tab.self-7e3ee4a243bb416b5f0111a0be08f8547c5d72ba71fe4afe4a4a007f5cb4e10e.js?body=1" for ::1 at 2015-05-31 14:50:28 -0600


Started GET "/assets/twitter/bootstrap/tooltip.self-d7f9330825307d053f68da11bb9ddc9b070df72deef3d115f2f3d55f66b17457.js?body=1" for ::1 at 2015-05-31 14:50:28 -0600


Started GET "/assets/twitter/bootstrap/popover.self-cd672ecad3b549e1dbd89bfd044e5812d6fdade56f42d48e3acee0c3f4614526.js?body=1" for ::1 at 2015-05-31 14:50:28 -0600


Started GET "/assets/twitter/bootstrap/button.self-ceb562de883e04359bb2c06f07bdf6ecf065cc8a5027e2e58857c5e91b0b68e3.js?body=1" for ::1 at 2015-05-31 14:50:28 -0600


Started GET "/assets/twitter/bootstrap/collapse.self-a87553101c955a01e2e8c81fad69a16582ddbf58fe95d5eb335dde5567af7647.js?body=1" for ::1 at 2015-05-31 14:50:28 -0600


Started GET "/assets/twitter/bootstrap/carousel.self-5d09995e01b647168888180d40e271f9a6759d68ae7ac029d7026af58813d376.js?body=1" for ::1 at 2015-05-31 14:50:28 -0600


Started GET "/assets/twitter/bootstrap/affix.self-14e04bbe71282aa039322ab93e3a3a886ddede5f59a2f365f7c861f697bbeb21.js?body=1" for ::1 at 2015-05-31 14:50:28 -0600


Started GET "/assets/twitter/bootstrap.self-fbfa5ad7d9aa0afe439ec4ff3883acc4cb92b62cb67c40d674320c9aa1d4642d.js?body=1" for ::1 at 2015-05-31 14:50:28 -0600


Started GET "/assets/turbolinks.self-c37727e9bd6b2735da5c311aa83fead54ed0be6cc8bd9a65309e9c5abe2cbfff.js?body=1" for ::1 at 2015-05-31 14:50:28 -0600


Started GET "/assets/application.self-f98a0dd27ad1c55b2b9cfe97296d4887e5d4a4535b3bbbf9130c1050771738b2.js?body=1" for ::1 at 2015-05-31 14:50:28 -0600


Started GET "/assets/fontawesome-webfont-e3870de89716b72cb61a4bba0e17c75783b361cdaba35ea96961c3070bd8ca18.woff" for ::1 at 2015-05-31 14:50:28 -0600


Started GET "/" for ::1 at 2015-05-31 14:50:38 -0600
Processing by PagesController#home as HTML
  Rendered pages/home.html.haml within layouts/application (0.7ms)
Completed 200 OK in 76ms (Views: 75.8ms | ActiveRecord: 0.0ms)


Started GET "/assets/bootstrap_and_overrides.self-46dd80d79b8a9997a440abf80cb4c693d790dc476ed4da4cfbb29c64ddd7dcc9.css?body=1" for ::1 at 2015-05-31 14:50:39 -0600


Started GET "/assets/jquery.self-d03a5518f45df77341bdbe6201ba3bfa547ebba8ed64f0ea56bfa5f96ea7c074.js?body=1" for ::1 at 2015-05-31 14:50:39 -0600


Started GET "/assets/twitter/bootstrap/alert.self-ebce91ec66c71bcee451ea7da9128fd1bf8faa02c6d22ea04c598423431e4c08.js?body=1" for ::1 at 2015-05-31 14:50:39 -0600


Started GET "/assets/application.self-e6b3a4b513817aba222d939bf9b40fa5640fd85511ada68e373db8cffa946487.css?body=1" for ::1 at 2015-05-31 14:50:39 -0600


Started GET "/assets/jquery_ujs.self-8e98a7a072a6cee1372d19fff9ff3e6aa1e39a37d89d6f06861637d061113ee7.js?body=1" for ::1 at 2015-05-31 14:50:39 -0600


Started GET "/assets/pages.self-e3b0c44298fc1c149afbf4c8996fb92427ae41e4649b934ca495991b7852b855.css?body=1" for ::1 at 2015-05-31 14:50:39 -0600


Started GET "/assets/twitter/bootstrap/transition.self-db278e3a8fa6249c16796b113ebd29e11ef4e2cd021618ed84895d524a4511e0.js?body=1" for ::1 at 2015-05-31 14:50:39 -0600


Started GET "/assets/twitter/bootstrap/modal.self-ab1767545e27c0dbd36971e656ae4927171f673e3d932cdec2cbef39e991952b.js?body=1" for ::1 at 2015-05-31 14:50:39 -0600


Started GET "/assets/twitter/bootstrap/dropdown.self-8bb9309b6c24a4ba6b94026a049d25b13bdc0553b6fe83255c14a715ba624cc4.js?body=1" for ::1 at 2015-05-31 14:50:39 -0600


Started GET "/assets/twitter/bootstrap/scrollspy.self-bd0c6724cdc75302fe98dfeff923112b76c1673cf4a0752a7050b7feea15594c.js?body=1" for ::1 at 2015-05-31 14:50:39 -0600


Started GET "/assets/twitter/bootstrap/tab.self-7e3ee4a243bb416b5f0111a0be08f8547c5d72ba71fe4afe4a4a007f5cb4e10e.js?body=1" for ::1 at 2015-05-31 14:50:39 -0600


Started GET "/assets/twitter/bootstrap/tooltip.self-d7f9330825307d053f68da11bb9ddc9b070df72deef3d115f2f3d55f66b17457.js?body=1" for ::1 at 2015-05-31 14:50:39 -0600


Started GET "/assets/twitter/bootstrap/popover.self-cd672ecad3b549e1dbd89bfd044e5812d6fdade56f42d48e3acee0c3f4614526.js?body=1" for ::1 at 2015-05-31 14:50:39 -0600


Started GET "/assets/twitter/bootstrap/button.self-ceb562de883e04359bb2c06f07bdf6ecf065cc8a5027e2e58857c5e91b0b68e3.js?body=1" for ::1 at 2015-05-31 14:50:39 -0600


Started GET "/assets/twitter/bootstrap/collapse.self-a87553101c955a01e2e8c81fad69a16582ddbf58fe95d5eb335dde5567af7647.js?body=1" for ::1 at 2015-05-31 14:50:39 -0600


Started GET "/assets/twitter/bootstrap/carousel.self-5d09995e01b647168888180d40e271f9a6759d68ae7ac029d7026af58813d376.js?body=1" for ::1 at 2015-05-31 14:50:39 -0600


Started GET "/assets/twitter/bootstrap/affix.self-14e04bbe71282aa039322ab93e3a3a886ddede5f59a2f365f7c861f697bbeb21.js?body=1" for ::1 at 2015-05-31 14:50:39 -0600


Started GET "/assets/twitter/bootstrap.self-fbfa5ad7d9aa0afe439ec4ff3883acc4cb92b62cb67c40d674320c9aa1d4642d.js?body=1" for ::1 at 2015-05-31 14:50:39 -0600


Started GET "/assets/turbolinks.self-c37727e9bd6b2735da5c311aa83fead54ed0be6cc8bd9a65309e9c5abe2cbfff.js?body=1" for ::1 at 2015-05-31 14:50:39 -0600


Started GET "/assets/application.self-f98a0dd27ad1c55b2b9cfe97296d4887e5d4a4535b3bbbf9130c1050771738b2.js?body=1" for ::1 at 2015-05-31 14:50:39 -0600


Started GET "/assets/fontawesome-webfont-e3870de89716b72cb61a4bba0e17c75783b361cdaba35ea96961c3070bd8ca18.woff" for ::1 at 2015-05-31 14:50:39 -0600


Started GET "/" for ::1 at 2015-05-31 14:51:25 -0600
Processing by PagesController#home as HTML
  Rendered pages/home.html.haml within layouts/application (0.1ms)
Completed 200 OK in 89ms (Views: 88.4ms | ActiveRecord: 0.0ms)


Started GET "/assets/bootstrap_and_overrides.self-46dd80d79b8a9997a440abf80cb4c693d790dc476ed4da4cfbb29c64ddd7dcc9.css?body=1" for ::1 at 2015-05-31 14:51:25 -0600


Started GET "/assets/jquery_ujs.self-8e98a7a072a6cee1372d19fff9ff3e6aa1e39a37d89d6f06861637d061113ee7.js?body=1" for ::1 at 2015-05-31 14:51:25 -0600


Started GET "/assets/twitter/bootstrap/transition.self-db278e3a8fa6249c16796b113ebd29e11ef4e2cd021618ed84895d524a4511e0.js?body=1" for ::1 at 2015-05-31 14:51:25 -0600


Started GET "/assets/jquery.self-d03a5518f45df77341bdbe6201ba3bfa547ebba8ed64f0ea56bfa5f96ea7c074.js?body=1" for ::1 at 2015-05-31 14:51:25 -0600


Started GET "/assets/application.self-477c16ad71aa50fac58fa2dca5c3a320063f03104567c32effb98a7babec64c2.css?body=1" for ::1 at 2015-05-31 14:51:25 -0600


Started GET "/assets/pages.self-e3b0c44298fc1c149afbf4c8996fb92427ae41e4649b934ca495991b7852b855.css?body=1" for ::1 at 2015-05-31 14:51:25 -0600


Started GET "/assets/twitter/bootstrap/alert.self-ebce91ec66c71bcee451ea7da9128fd1bf8faa02c6d22ea04c598423431e4c08.js?body=1" for ::1 at 2015-05-31 14:51:25 -0600


Started GET "/assets/twitter/bootstrap/modal.self-ab1767545e27c0dbd36971e656ae4927171f673e3d932cdec2cbef39e991952b.js?body=1" for ::1 at 2015-05-31 14:51:25 -0600


Started GET "/assets/twitter/bootstrap/dropdown.self-8bb9309b6c24a4ba6b94026a049d25b13bdc0553b6fe83255c14a715ba624cc4.js?body=1" for ::1 at 2015-05-31 14:51:25 -0600


Started GET "/assets/twitter/bootstrap/scrollspy.self-bd0c6724cdc75302fe98dfeff923112b76c1673cf4a0752a7050b7feea15594c.js?body=1" for ::1 at 2015-05-31 14:51:25 -0600


Started GET "/assets/twitter/bootstrap/tab.self-7e3ee4a243bb416b5f0111a0be08f8547c5d72ba71fe4afe4a4a007f5cb4e10e.js?body=1" for ::1 at 2015-05-31 14:51:25 -0600


Started GET "/assets/twitter/bootstrap/tooltip.self-d7f9330825307d053f68da11bb9ddc9b070df72deef3d115f2f3d55f66b17457.js?body=1" for ::1 at 2015-05-31 14:51:25 -0600


Started GET "/assets/twitter/bootstrap/popover.self-cd672ecad3b549e1dbd89bfd044e5812d6fdade56f42d48e3acee0c3f4614526.js?body=1" for ::1 at 2015-05-31 14:51:25 -0600


Started GET "/assets/twitter/bootstrap/button.self-ceb562de883e04359bb2c06f07bdf6ecf065cc8a5027e2e58857c5e91b0b68e3.js?body=1" for ::1 at 2015-05-31 14:51:25 -0600


Started GET "/assets/twitter/bootstrap/collapse.self-a87553101c955a01e2e8c81fad69a16582ddbf58fe95d5eb335dde5567af7647.js?body=1" for ::1 at 2015-05-31 14:51:25 -0600


Started GET "/assets/twitter/bootstrap/carousel.self-5d09995e01b647168888180d40e271f9a6759d68ae7ac029d7026af58813d376.js?body=1" for ::1 at 2015-05-31 14:51:25 -0600


Started GET "/assets/twitter/bootstrap/affix.self-14e04bbe71282aa039322ab93e3a3a886ddede5f59a2f365f7c861f697bbeb21.js?body=1" for ::1 at 2015-05-31 14:51:25 -0600


Started GET "/assets/twitter/bootstrap.self-fbfa5ad7d9aa0afe439ec4ff3883acc4cb92b62cb67c40d674320c9aa1d4642d.js?body=1" for ::1 at 2015-05-31 14:51:25 -0600


Started GET "/assets/turbolinks.self-c37727e9bd6b2735da5c311aa83fead54ed0be6cc8bd9a65309e9c5abe2cbfff.js?body=1" for ::1 at 2015-05-31 14:51:25 -0600


Started GET "/assets/application.self-f98a0dd27ad1c55b2b9cfe97296d4887e5d4a4535b3bbbf9130c1050771738b2.js?body=1" for ::1 at 2015-05-31 14:51:25 -0600


Started GET "/assets/fontawesome-webfont-e3870de89716b72cb61a4bba0e17c75783b361cdaba35ea96961c3070bd8ca18.woff" for ::1 at 2015-05-31 14:51:26 -0600


Started GET "/" for ::1 at 2015-05-31 14:55:03 -0600
Processing by PagesController#home as HTML
  Rendered pages/home.html.haml within layouts/application (0.1ms)
Completed 200 OK in 118ms (Views: 117.1ms | ActiveRecord: 0.0ms)


Started GET "/assets/bootstrap_and_overrides.self-46dd80d79b8a9997a440abf80cb4c693d790dc476ed4da4cfbb29c64ddd7dcc9.css?body=1" for ::1 at 2015-05-31 14:55:04 -0600


Started GET "/assets/twitter/bootstrap/transition.self-db278e3a8fa6249c16796b113ebd29e11ef4e2cd021618ed84895d524a4511e0.js?body=1" for ::1 at 2015-05-31 14:55:04 -0600


Started GET "/assets/pages.self-e3b0c44298fc1c149afbf4c8996fb92427ae41e4649b934ca495991b7852b855.css?body=1" for ::1 at 2015-05-31 14:55:04 -0600


Started GET "/assets/application.self-24eef0c4ddeca5bedadf06b27350a7c000bc38dddeea7b49607195f3066a4e51.css?body=1" for ::1 at 2015-05-31 14:55:04 -0600


Started GET "/assets/jquery.self-d03a5518f45df77341bdbe6201ba3bfa547ebba8ed64f0ea56bfa5f96ea7c074.js?body=1" for ::1 at 2015-05-31 14:55:04 -0600


Started GET "/assets/jquery_ujs.self-8e98a7a072a6cee1372d19fff9ff3e6aa1e39a37d89d6f06861637d061113ee7.js?body=1" for ::1 at 2015-05-31 14:55:04 -0600


Started GET "/assets/twitter/bootstrap/alert.self-ebce91ec66c71bcee451ea7da9128fd1bf8faa02c6d22ea04c598423431e4c08.js?body=1" for ::1 at 2015-05-31 14:55:04 -0600


Started GET "/assets/twitter/bootstrap/modal.self-ab1767545e27c0dbd36971e656ae4927171f673e3d932cdec2cbef39e991952b.js?body=1" for ::1 at 2015-05-31 14:55:04 -0600


Started GET "/assets/twitter/bootstrap/dropdown.self-8bb9309b6c24a4ba6b94026a049d25b13bdc0553b6fe83255c14a715ba624cc4.js?body=1" for ::1 at 2015-05-31 14:55:04 -0600


Started GET "/assets/twitter/bootstrap/scrollspy.self-bd0c6724cdc75302fe98dfeff923112b76c1673cf4a0752a7050b7feea15594c.js?body=1" for ::1 at 2015-05-31 14:55:04 -0600


Started GET "/assets/twitter/bootstrap/tab.self-7e3ee4a243bb416b5f0111a0be08f8547c5d72ba71fe4afe4a4a007f5cb4e10e.js?body=1" for ::1 at 2015-05-31 14:55:04 -0600


Started GET "/assets/twitter/bootstrap/tooltip.self-d7f9330825307d053f68da11bb9ddc9b070df72deef3d115f2f3d55f66b17457.js?body=1" for ::1 at 2015-05-31 14:55:04 -0600


Started GET "/assets/twitter/bootstrap/popover.self-cd672ecad3b549e1dbd89bfd044e5812d6fdade56f42d48e3acee0c3f4614526.js?body=1" for ::1 at 2015-05-31 14:55:04 -0600


Started GET "/assets/twitter/bootstrap/button.self-ceb562de883e04359bb2c06f07bdf6ecf065cc8a5027e2e58857c5e91b0b68e3.js?body=1" for ::1 at 2015-05-31 14:55:04 -0600


Started GET "/assets/twitter/bootstrap/collapse.self-a87553101c955a01e2e8c81fad69a16582ddbf58fe95d5eb335dde5567af7647.js?body=1" for ::1 at 2015-05-31 14:55:04 -0600


Started GET "/assets/twitter/bootstrap/carousel.self-5d09995e01b647168888180d40e271f9a6759d68ae7ac029d7026af58813d376.js?body=1" for ::1 at 2015-05-31 14:55:04 -0600


Started GET "/assets/twitter/bootstrap/affix.self-14e04bbe71282aa039322ab93e3a3a886ddede5f59a2f365f7c861f697bbeb21.js?body=1" for ::1 at 2015-05-31 14:55:04 -0600


Started GET "/assets/twitter/bootstrap.self-fbfa5ad7d9aa0afe439ec4ff3883acc4cb92b62cb67c40d674320c9aa1d4642d.js?body=1" for ::1 at 2015-05-31 14:55:04 -0600


Started GET "/assets/turbolinks.self-c37727e9bd6b2735da5c311aa83fead54ed0be6cc8bd9a65309e9c5abe2cbfff.js?body=1" for ::1 at 2015-05-31 14:55:04 -0600


Started GET "/assets/application.self-f98a0dd27ad1c55b2b9cfe97296d4887e5d4a4535b3bbbf9130c1050771738b2.js?body=1" for ::1 at 2015-05-31 14:55:04 -0600


Started GET "/assets/fontawesome-webfont-e3870de89716b72cb61a4bba0e17c75783b361cdaba35ea96961c3070bd8ca18.woff" for ::1 at 2015-05-31 14:55:04 -0600


Started GET "/" for ::1 at 2015-05-31 14:55:31 -0600
Processing by PagesController#home as HTML
  Rendered pages/home.html.haml within layouts/application (3.7ms)
Completed 200 OK in 82ms (Views: 80.9ms | ActiveRecord: 0.0ms)


Started GET "/assets/bootstrap_and_overrides.self-46dd80d79b8a9997a440abf80cb4c693d790dc476ed4da4cfbb29c64ddd7dcc9.css?body=1" for ::1 at 2015-05-31 14:55:31 -0600


Started GET "/assets/application.self-24eef0c4ddeca5bedadf06b27350a7c000bc38dddeea7b49607195f3066a4e51.css?body=1" for ::1 at 2015-05-31 14:55:31 -0600


Started GET "/assets/pages.self-e3b0c44298fc1c149afbf4c8996fb92427ae41e4649b934ca495991b7852b855.css?body=1" for ::1 at 2015-05-31 14:55:31 -0600


Started GET "/assets/jquery_ujs.self-8e98a7a072a6cee1372d19fff9ff3e6aa1e39a37d89d6f06861637d061113ee7.js?body=1" for ::1 at 2015-05-31 14:55:31 -0600


Started GET "/assets/twitter/bootstrap/transition.self-db278e3a8fa6249c16796b113ebd29e11ef4e2cd021618ed84895d524a4511e0.js?body=1" for ::1 at 2015-05-31 14:55:31 -0600


Started GET "/assets/jquery.self-d03a5518f45df77341bdbe6201ba3bfa547ebba8ed64f0ea56bfa5f96ea7c074.js?body=1" for ::1 at 2015-05-31 14:55:31 -0600


Started GET "/assets/twitter/bootstrap/alert.self-ebce91ec66c71bcee451ea7da9128fd1bf8faa02c6d22ea04c598423431e4c08.js?body=1" for ::1 at 2015-05-31 14:55:31 -0600


Started GET "/assets/twitter/bootstrap/modal.self-ab1767545e27c0dbd36971e656ae4927171f673e3d932cdec2cbef39e991952b.js?body=1" for ::1 at 2015-05-31 14:55:31 -0600


Started GET "/assets/twitter/bootstrap/dropdown.self-8bb9309b6c24a4ba6b94026a049d25b13bdc0553b6fe83255c14a715ba624cc4.js?body=1" for ::1 at 2015-05-31 14:55:31 -0600


Started GET "/assets/twitter/bootstrap/scrollspy.self-bd0c6724cdc75302fe98dfeff923112b76c1673cf4a0752a7050b7feea15594c.js?body=1" for ::1 at 2015-05-31 14:55:31 -0600


Started GET "/assets/twitter/bootstrap/tab.self-7e3ee4a243bb416b5f0111a0be08f8547c5d72ba71fe4afe4a4a007f5cb4e10e.js?body=1" for ::1 at 2015-05-31 14:55:31 -0600


Started GET "/assets/twitter/bootstrap/tooltip.self-d7f9330825307d053f68da11bb9ddc9b070df72deef3d115f2f3d55f66b17457.js?body=1" for ::1 at 2015-05-31 14:55:31 -0600


Started GET "/assets/twitter/bootstrap/popover.self-cd672ecad3b549e1dbd89bfd044e5812d6fdade56f42d48e3acee0c3f4614526.js?body=1" for ::1 at 2015-05-31 14:55:31 -0600


Started GET "/assets/twitter/bootstrap/button.self-ceb562de883e04359bb2c06f07bdf6ecf065cc8a5027e2e58857c5e91b0b68e3.js?body=1" for ::1 at 2015-05-31 14:55:31 -0600


Started GET "/assets/twitter/bootstrap/collapse.self-a87553101c955a01e2e8c81fad69a16582ddbf58fe95d5eb335dde5567af7647.js?body=1" for ::1 at 2015-05-31 14:55:31 -0600


Started GET "/assets/twitter/bootstrap/carousel.self-5d09995e01b647168888180d40e271f9a6759d68ae7ac029d7026af58813d376.js?body=1" for ::1 at 2015-05-31 14:55:31 -0600


Started GET "/assets/twitter/bootstrap/affix.self-14e04bbe71282aa039322ab93e3a3a886ddede5f59a2f365f7c861f697bbeb21.js?body=1" for ::1 at 2015-05-31 14:55:31 -0600


Started GET "/assets/twitter/bootstrap.self-fbfa5ad7d9aa0afe439ec4ff3883acc4cb92b62cb67c40d674320c9aa1d4642d.js?body=1" for ::1 at 2015-05-31 14:55:31 -0600


Started GET "/assets/turbolinks.self-c37727e9bd6b2735da5c311aa83fead54ed0be6cc8bd9a65309e9c5abe2cbfff.js?body=1" for ::1 at 2015-05-31 14:55:31 -0600


Started GET "/assets/application.self-f98a0dd27ad1c55b2b9cfe97296d4887e5d4a4535b3bbbf9130c1050771738b2.js?body=1" for ::1 at 2015-05-31 14:55:31 -0600


Started GET "/assets/fontawesome-webfont-e3870de89716b72cb61a4bba0e17c75783b361cdaba35ea96961c3070bd8ca18.woff" for ::1 at 2015-05-31 14:55:31 -0600


Started GET "/" for ::1 at 2015-05-31 14:55:48 -0600
Processing by PagesController#home as HTML
  Rendered pages/home.html.haml within layouts/application (4.3ms)
Completed 200 OK in 82ms (Views: 81.0ms | ActiveRecord: 0.0ms)


Started GET "/assets/bootstrap_and_overrides.self-46dd80d79b8a9997a440abf80cb4c693d790dc476ed4da4cfbb29c64ddd7dcc9.css?body=1" for ::1 at 2015-05-31 14:55:48 -0600


Started GET "/assets/pages.self-e3b0c44298fc1c149afbf4c8996fb92427ae41e4649b934ca495991b7852b855.css?body=1" for ::1 at 2015-05-31 14:55:48 -0600


Started GET "/assets/jquery.self-d03a5518f45df77341bdbe6201ba3bfa547ebba8ed64f0ea56bfa5f96ea7c074.js?body=1" for ::1 at 2015-05-31 14:55:48 -0600


Started GET "/assets/twitter/bootstrap/transition.self-db278e3a8fa6249c16796b113ebd29e11ef4e2cd021618ed84895d524a4511e0.js?body=1" for ::1 at 2015-05-31 14:55:48 -0600


Started GET "/assets/jquery_ujs.self-8e98a7a072a6cee1372d19fff9ff3e6aa1e39a37d89d6f06861637d061113ee7.js?body=1" for ::1 at 2015-05-31 14:55:48 -0600


Started GET "/assets/application.self-24eef0c4ddeca5bedadf06b27350a7c000bc38dddeea7b49607195f3066a4e51.css?body=1" for ::1 at 2015-05-31 14:55:48 -0600


Started GET "/assets/twitter/bootstrap/alert.self-ebce91ec66c71bcee451ea7da9128fd1bf8faa02c6d22ea04c598423431e4c08.js?body=1" for ::1 at 2015-05-31 14:55:48 -0600


Started GET "/assets/twitter/bootstrap/modal.self-ab1767545e27c0dbd36971e656ae4927171f673e3d932cdec2cbef39e991952b.js?body=1" for ::1 at 2015-05-31 14:55:48 -0600


Started GET "/assets/twitter/bootstrap/dropdown.self-8bb9309b6c24a4ba6b94026a049d25b13bdc0553b6fe83255c14a715ba624cc4.js?body=1" for ::1 at 2015-05-31 14:55:48 -0600


Started GET "/assets/twitter/bootstrap/scrollspy.self-bd0c6724cdc75302fe98dfeff923112b76c1673cf4a0752a7050b7feea15594c.js?body=1" for ::1 at 2015-05-31 14:55:48 -0600


Started GET "/assets/twitter/bootstrap/tab.self-7e3ee4a243bb416b5f0111a0be08f8547c5d72ba71fe4afe4a4a007f5cb4e10e.js?body=1" for ::1 at 2015-05-31 14:55:48 -0600


Started GET "/assets/twitter/bootstrap/tooltip.self-d7f9330825307d053f68da11bb9ddc9b070df72deef3d115f2f3d55f66b17457.js?body=1" for ::1 at 2015-05-31 14:55:48 -0600


Started GET "/assets/twitter/bootstrap/popover.self-cd672ecad3b549e1dbd89bfd044e5812d6fdade56f42d48e3acee0c3f4614526.js?body=1" for ::1 at 2015-05-31 14:55:48 -0600


Started GET "/assets/twitter/bootstrap/button.self-ceb562de883e04359bb2c06f07bdf6ecf065cc8a5027e2e58857c5e91b0b68e3.js?body=1" for ::1 at 2015-05-31 14:55:48 -0600


Started GET "/assets/twitter/bootstrap/carousel.self-5d09995e01b647168888180d40e271f9a6759d68ae7ac029d7026af58813d376.js?body=1" for ::1 at 2015-05-31 14:55:48 -0600


Started GET "/assets/twitter/bootstrap/collapse.self-a87553101c955a01e2e8c81fad69a16582ddbf58fe95d5eb335dde5567af7647.js?body=1" for ::1 at 2015-05-31 14:55:48 -0600


Started GET "/assets/twitter/bootstrap/affix.self-14e04bbe71282aa039322ab93e3a3a886ddede5f59a2f365f7c861f697bbeb21.js?body=1" for ::1 at 2015-05-31 14:55:48 -0600


Started GET "/assets/twitter/bootstrap.self-fbfa5ad7d9aa0afe439ec4ff3883acc4cb92b62cb67c40d674320c9aa1d4642d.js?body=1" for ::1 at 2015-05-31 14:55:48 -0600


Started GET "/assets/turbolinks.self-c37727e9bd6b2735da5c311aa83fead54ed0be6cc8bd9a65309e9c5abe2cbfff.js?body=1" for ::1 at 2015-05-31 14:55:48 -0600


Started GET "/assets/application.self-f98a0dd27ad1c55b2b9cfe97296d4887e5d4a4535b3bbbf9130c1050771738b2.js?body=1" for ::1 at 2015-05-31 14:55:49 -0600


Started GET "/assets/fontawesome-webfont-e3870de89716b72cb61a4bba0e17c75783b361cdaba35ea96961c3070bd8ca18.woff" for ::1 at 2015-05-31 14:55:49 -0600


Started GET "/" for ::1 at 2015-05-31 15:03:26 -0600
Processing by PagesController#home as HTML
  Rendered pages/home.html.haml within layouts/application (1.6ms)
Completed 200 OK in 100ms (Views: 99.4ms | ActiveRecord: 0.0ms)


Started GET "/assets/pages.self-e3b0c44298fc1c149afbf4c8996fb92427ae41e4649b934ca495991b7852b855.css?body=1" for ::1 at 2015-05-31 15:03:27 -0600


Started GET "/assets/jquery_ujs.self-8e98a7a072a6cee1372d19fff9ff3e6aa1e39a37d89d6f06861637d061113ee7.js?body=1" for ::1 at 2015-05-31 15:03:27 -0600


Started GET "/assets/twitter/bootstrap/transition.self-db278e3a8fa6249c16796b113ebd29e11ef4e2cd021618ed84895d524a4511e0.js?body=1" for ::1 at 2015-05-31 15:03:27 -0600


Started GET "/assets/jquery.self-d03a5518f45df77341bdbe6201ba3bfa547ebba8ed64f0ea56bfa5f96ea7c074.js?body=1" for ::1 at 2015-05-31 15:03:27 -0600


Started GET "/assets/application.self-477c16ad71aa50fac58fa2dca5c3a320063f03104567c32effb98a7babec64c2.css?body=1" for ::1 at 2015-05-31 15:03:27 -0600


Started GET "/assets/bootstrap_and_overrides.self-46dd80d79b8a9997a440abf80cb4c693d790dc476ed4da4cfbb29c64ddd7dcc9.css?body=1" for ::1 at 2015-05-31 15:03:27 -0600


Started GET "/assets/twitter/bootstrap/alert.self-ebce91ec66c71bcee451ea7da9128fd1bf8faa02c6d22ea04c598423431e4c08.js?body=1" for ::1 at 2015-05-31 15:03:27 -0600


Started GET "/assets/twitter/bootstrap/modal.self-ab1767545e27c0dbd36971e656ae4927171f673e3d932cdec2cbef39e991952b.js?body=1" for ::1 at 2015-05-31 15:03:27 -0600


Started GET "/assets/twitter/bootstrap/dropdown.self-8bb9309b6c24a4ba6b94026a049d25b13bdc0553b6fe83255c14a715ba624cc4.js?body=1" for ::1 at 2015-05-31 15:03:27 -0600


Started GET "/assets/twitter/bootstrap/scrollspy.self-bd0c6724cdc75302fe98dfeff923112b76c1673cf4a0752a7050b7feea15594c.js?body=1" for ::1 at 2015-05-31 15:03:27 -0600


Started GET "/assets/twitter/bootstrap/tab.self-7e3ee4a243bb416b5f0111a0be08f8547c5d72ba71fe4afe4a4a007f5cb4e10e.js?body=1" for ::1 at 2015-05-31 15:03:27 -0600


Started GET "/assets/twitter/bootstrap/tooltip.self-d7f9330825307d053f68da11bb9ddc9b070df72deef3d115f2f3d55f66b17457.js?body=1" for ::1 at 2015-05-31 15:03:27 -0600


Started GET "/assets/twitter/bootstrap/popover.self-cd672ecad3b549e1dbd89bfd044e5812d6fdade56f42d48e3acee0c3f4614526.js?body=1" for ::1 at 2015-05-31 15:03:27 -0600


Started GET "/assets/twitter/bootstrap/button.self-ceb562de883e04359bb2c06f07bdf6ecf065cc8a5027e2e58857c5e91b0b68e3.js?body=1" for ::1 at 2015-05-31 15:03:27 -0600


Started GET "/assets/twitter/bootstrap/collapse.self-a87553101c955a01e2e8c81fad69a16582ddbf58fe95d5eb335dde5567af7647.js?body=1" for ::1 at 2015-05-31 15:03:27 -0600


Started GET "/assets/twitter/bootstrap/carousel.self-5d09995e01b647168888180d40e271f9a6759d68ae7ac029d7026af58813d376.js?body=1" for ::1 at 2015-05-31 15:03:27 -0600


Started GET "/assets/twitter/bootstrap/affix.self-14e04bbe71282aa039322ab93e3a3a886ddede5f59a2f365f7c861f697bbeb21.js?body=1" for ::1 at 2015-05-31 15:03:27 -0600


Started GET "/assets/twitter/bootstrap.self-fbfa5ad7d9aa0afe439ec4ff3883acc4cb92b62cb67c40d674320c9aa1d4642d.js?body=1" for ::1 at 2015-05-31 15:03:27 -0600


Started GET "/assets/turbolinks.self-c37727e9bd6b2735da5c311aa83fead54ed0be6cc8bd9a65309e9c5abe2cbfff.js?body=1" for ::1 at 2015-05-31 15:03:27 -0600


Started GET "/assets/application.self-f98a0dd27ad1c55b2b9cfe97296d4887e5d4a4535b3bbbf9130c1050771738b2.js?body=1" for ::1 at 2015-05-31 15:03:27 -0600


Started GET "/assets/fontawesome-webfont-e3870de89716b72cb61a4bba0e17c75783b361cdaba35ea96961c3070bd8ca18.woff" for ::1 at 2015-05-31 15:03:27 -0600


Started GET "/" for ::1 at 2015-05-31 15:04:17 -0600
Processing by PagesController#home as HTML
  Rendered pages/home.html.haml within layouts/application (0.1ms)
Completed 200 OK in 746ms (Views: 745.7ms | ActiveRecord: 0.0ms)


Started GET "/assets/jquery_ujs.self-8e98a7a072a6cee1372d19fff9ff3e6aa1e39a37d89d6f06861637d061113ee7.js?body=1" for ::1 at 2015-05-31 15:04:18 -0600


Started GET "/assets/pages.self-e3b0c44298fc1c149afbf4c8996fb92427ae41e4649b934ca495991b7852b855.css?body=1" for ::1 at 2015-05-31 15:04:18 -0600


Started GET "/assets/bootstrap_and_overrides.self-bdaf74dcb8d1f07469f70e0b258d1f11e45d4ba6f0d53c27f78cd9adfdf6ea84.css?body=1" for ::1 at 2015-05-31 15:04:18 -0600


Started GET "/assets/jquery.self-d03a5518f45df77341bdbe6201ba3bfa547ebba8ed64f0ea56bfa5f96ea7c074.js?body=1" for ::1 at 2015-05-31 15:04:18 -0600


Started GET "/assets/twitter/bootstrap/transition.self-db278e3a8fa6249c16796b113ebd29e11ef4e2cd021618ed84895d524a4511e0.js?body=1" for ::1 at 2015-05-31 15:04:18 -0600


Started GET "/assets/application.self-477c16ad71aa50fac58fa2dca5c3a320063f03104567c32effb98a7babec64c2.css?body=1" for ::1 at 2015-05-31 15:04:18 -0600


Started GET "/assets/twitter/bootstrap/alert.self-ebce91ec66c71bcee451ea7da9128fd1bf8faa02c6d22ea04c598423431e4c08.js?body=1" for ::1 at 2015-05-31 15:04:18 -0600


Started GET "/assets/twitter/bootstrap/modal.self-ab1767545e27c0dbd36971e656ae4927171f673e3d932cdec2cbef39e991952b.js?body=1" for ::1 at 2015-05-31 15:04:18 -0600


Started GET "/assets/twitter/bootstrap/dropdown.self-8bb9309b6c24a4ba6b94026a049d25b13bdc0553b6fe83255c14a715ba624cc4.js?body=1" for ::1 at 2015-05-31 15:04:18 -0600


Started GET "/assets/twitter/bootstrap/scrollspy.self-bd0c6724cdc75302fe98dfeff923112b76c1673cf4a0752a7050b7feea15594c.js?body=1" for ::1 at 2015-05-31 15:04:18 -0600


Started GET "/assets/twitter/bootstrap/tab.self-7e3ee4a243bb416b5f0111a0be08f8547c5d72ba71fe4afe4a4a007f5cb4e10e.js?body=1" for ::1 at 2015-05-31 15:04:18 -0600


Started GET "/assets/twitter/bootstrap/tooltip.self-d7f9330825307d053f68da11bb9ddc9b070df72deef3d115f2f3d55f66b17457.js?body=1" for ::1 at 2015-05-31 15:04:18 -0600


Started GET "/assets/twitter/bootstrap/popover.self-cd672ecad3b549e1dbd89bfd044e5812d6fdade56f42d48e3acee0c3f4614526.js?body=1" for ::1 at 2015-05-31 15:04:18 -0600


Started GET "/assets/twitter/bootstrap/button.self-ceb562de883e04359bb2c06f07bdf6ecf065cc8a5027e2e58857c5e91b0b68e3.js?body=1" for ::1 at 2015-05-31 15:04:18 -0600


Started GET "/assets/twitter/bootstrap/collapse.self-a87553101c955a01e2e8c81fad69a16582ddbf58fe95d5eb335dde5567af7647.js?body=1" for ::1 at 2015-05-31 15:04:18 -0600


Started GET "/assets/twitter/bootstrap/carousel.self-5d09995e01b647168888180d40e271f9a6759d68ae7ac029d7026af58813d376.js?body=1" for ::1 at 2015-05-31 15:04:18 -0600


Started GET "/assets/twitter/bootstrap/affix.self-14e04bbe71282aa039322ab93e3a3a886ddede5f59a2f365f7c861f697bbeb21.js?body=1" for ::1 at 2015-05-31 15:04:18 -0600


Started GET "/assets/twitter/bootstrap.self-fbfa5ad7d9aa0afe439ec4ff3883acc4cb92b62cb67c40d674320c9aa1d4642d.js?body=1" for ::1 at 2015-05-31 15:04:18 -0600


Started GET "/assets/turbolinks.self-c37727e9bd6b2735da5c311aa83fead54ed0be6cc8bd9a65309e9c5abe2cbfff.js?body=1" for ::1 at 2015-05-31 15:04:18 -0600


Started GET "/assets/application.self-f98a0dd27ad1c55b2b9cfe97296d4887e5d4a4535b3bbbf9130c1050771738b2.js?body=1" for ::1 at 2015-05-31 15:04:18 -0600


Started GET "/assets/fontawesome-webfont-e3870de89716b72cb61a4bba0e17c75783b361cdaba35ea96961c3070bd8ca18.woff" for ::1 at 2015-05-31 15:04:18 -0600


Started GET "/" for ::1 at 2015-05-31 15:04:46 -0600
Processing by PagesController#home as HTML
  Rendered pages/home.html.haml within layouts/application (0.2ms)
Completed 200 OK in 109ms (Views: 107.6ms | ActiveRecord: 0.0ms)


Started GET "/assets/application.self-db2176674119859cd0170571663c6c6f7a43d439a6adb966a16a89e7c79aa3b3.css?body=1" for ::1 at 2015-05-31 15:04:46 -0600


Started GET "/assets/bootstrap_and_overrides.self-bdaf74dcb8d1f07469f70e0b258d1f11e45d4ba6f0d53c27f78cd9adfdf6ea84.css?body=1" for ::1 at 2015-05-31 15:04:46 -0600


Started GET "/assets/twitter/bootstrap/transition.self-db278e3a8fa6249c16796b113ebd29e11ef4e2cd021618ed84895d524a4511e0.js?body=1" for ::1 at 2015-05-31 15:04:46 -0600


Started GET "/assets/jquery.self-d03a5518f45df77341bdbe6201ba3bfa547ebba8ed64f0ea56bfa5f96ea7c074.js?body=1" for ::1 at 2015-05-31 15:04:46 -0600


Started GET "/assets/pages.self-e3b0c44298fc1c149afbf4c8996fb92427ae41e4649b934ca495991b7852b855.css?body=1" for ::1 at 2015-05-31 15:04:46 -0600


Started GET "/assets/jquery_ujs.self-8e98a7a072a6cee1372d19fff9ff3e6aa1e39a37d89d6f06861637d061113ee7.js?body=1" for ::1 at 2015-05-31 15:04:46 -0600


Started GET "/assets/twitter/bootstrap/alert.self-ebce91ec66c71bcee451ea7da9128fd1bf8faa02c6d22ea04c598423431e4c08.js?body=1" for ::1 at 2015-05-31 15:04:46 -0600


Started GET "/assets/twitter/bootstrap/modal.self-ab1767545e27c0dbd36971e656ae4927171f673e3d932cdec2cbef39e991952b.js?body=1" for ::1 at 2015-05-31 15:04:46 -0600


Started GET "/assets/twitter/bootstrap/dropdown.self-8bb9309b6c24a4ba6b94026a049d25b13bdc0553b6fe83255c14a715ba624cc4.js?body=1" for ::1 at 2015-05-31 15:04:47 -0600


Started GET "/assets/twitter/bootstrap/scrollspy.self-bd0c6724cdc75302fe98dfeff923112b76c1673cf4a0752a7050b7feea15594c.js?body=1" for ::1 at 2015-05-31 15:04:47 -0600


Started GET "/assets/twitter/bootstrap/tab.self-7e3ee4a243bb416b5f0111a0be08f8547c5d72ba71fe4afe4a4a007f5cb4e10e.js?body=1" for ::1 at 2015-05-31 15:04:47 -0600


Started GET "/assets/twitter/bootstrap/popover.self-cd672ecad3b549e1dbd89bfd044e5812d6fdade56f42d48e3acee0c3f4614526.js?body=1" for ::1 at 2015-05-31 15:04:47 -0600


Started GET "/assets/twitter/bootstrap/tooltip.self-d7f9330825307d053f68da11bb9ddc9b070df72deef3d115f2f3d55f66b17457.js?body=1" for ::1 at 2015-05-31 15:04:47 -0600


Started GET "/assets/twitter/bootstrap/button.self-ceb562de883e04359bb2c06f07bdf6ecf065cc8a5027e2e58857c5e91b0b68e3.js?body=1" for ::1 at 2015-05-31 15:04:47 -0600


Started GET "/assets/twitter/bootstrap/collapse.self-a87553101c955a01e2e8c81fad69a16582ddbf58fe95d5eb335dde5567af7647.js?body=1" for ::1 at 2015-05-31 15:04:47 -0600


Started GET "/assets/twitter/bootstrap/carousel.self-5d09995e01b647168888180d40e271f9a6759d68ae7ac029d7026af58813d376.js?body=1" for ::1 at 2015-05-31 15:04:47 -0600


Started GET "/assets/twitter/bootstrap/affix.self-14e04bbe71282aa039322ab93e3a3a886ddede5f59a2f365f7c861f697bbeb21.js?body=1" for ::1 at 2015-05-31 15:04:47 -0600


Started GET "/assets/twitter/bootstrap.self-fbfa5ad7d9aa0afe439ec4ff3883acc4cb92b62cb67c40d674320c9aa1d4642d.js?body=1" for ::1 at 2015-05-31 15:04:47 -0600


Started GET "/assets/turbolinks.self-c37727e9bd6b2735da5c311aa83fead54ed0be6cc8bd9a65309e9c5abe2cbfff.js?body=1" for ::1 at 2015-05-31 15:04:47 -0600


Started GET "/assets/application.self-f98a0dd27ad1c55b2b9cfe97296d4887e5d4a4535b3bbbf9130c1050771738b2.js?body=1" for ::1 at 2015-05-31 15:04:47 -0600


Started GET "/assets/fontawesome-webfont-e3870de89716b72cb61a4bba0e17c75783b361cdaba35ea96961c3070bd8ca18.woff" for ::1 at 2015-05-31 15:04:47 -0600


Started GET "/" for ::1 at 2015-05-31 15:07:24 -0600
Processing by PagesController#home as HTML
  Rendered pages/home.html.haml within layouts/application (0.1ms)
Completed 200 OK in 72ms (Views: 71.9ms | ActiveRecord: 0.0ms)


Started GET "/assets/bootstrap_and_overrides.self-bdaf74dcb8d1f07469f70e0b258d1f11e45d4ba6f0d53c27f78cd9adfdf6ea84.css?body=1" for ::1 at 2015-05-31 15:07:24 -0600


Started GET "/assets/application.self-db2176674119859cd0170571663c6c6f7a43d439a6adb966a16a89e7c79aa3b3.css?body=1" for ::1 at 2015-05-31 15:07:24 -0600


Started GET "/assets/twitter/bootstrap/transition.self-db278e3a8fa6249c16796b113ebd29e11ef4e2cd021618ed84895d524a4511e0.js?body=1" for ::1 at 2015-05-31 15:07:24 -0600


Started GET "/assets/jquery.self-d03a5518f45df77341bdbe6201ba3bfa547ebba8ed64f0ea56bfa5f96ea7c074.js?body=1" for ::1 at 2015-05-31 15:07:24 -0600


Started GET "/assets/jquery_ujs.self-8e98a7a072a6cee1372d19fff9ff3e6aa1e39a37d89d6f06861637d061113ee7.js?body=1" for ::1 at 2015-05-31 15:07:24 -0600


Started GET "/assets/pages.self-e3b0c44298fc1c149afbf4c8996fb92427ae41e4649b934ca495991b7852b855.css?body=1" for ::1 at 2015-05-31 15:07:24 -0600


Started GET "/assets/twitter/bootstrap/alert.self-ebce91ec66c71bcee451ea7da9128fd1bf8faa02c6d22ea04c598423431e4c08.js?body=1" for ::1 at 2015-05-31 15:07:24 -0600


Started GET "/assets/twitter/bootstrap/modal.self-ab1767545e27c0dbd36971e656ae4927171f673e3d932cdec2cbef39e991952b.js?body=1" for ::1 at 2015-05-31 15:07:24 -0600


Started GET "/assets/twitter/bootstrap/scrollspy.self-bd0c6724cdc75302fe98dfeff923112b76c1673cf4a0752a7050b7feea15594c.js?body=1" for ::1 at 2015-05-31 15:07:24 -0600


Started GET "/assets/twitter/bootstrap/dropdown.self-8bb9309b6c24a4ba6b94026a049d25b13bdc0553b6fe83255c14a715ba624cc4.js?body=1" for ::1 at 2015-05-31 15:07:24 -0600


Started GET "/assets/twitter/bootstrap/tab.self-7e3ee4a243bb416b5f0111a0be08f8547c5d72ba71fe4afe4a4a007f5cb4e10e.js?body=1" for ::1 at 2015-05-31 15:07:24 -0600


Started GET "/assets/twitter/bootstrap/tooltip.self-d7f9330825307d053f68da11bb9ddc9b070df72deef3d115f2f3d55f66b17457.js?body=1" for ::1 at 2015-05-31 15:07:24 -0600


Started GET "/assets/twitter/bootstrap/button.self-ceb562de883e04359bb2c06f07bdf6ecf065cc8a5027e2e58857c5e91b0b68e3.js?body=1" for ::1 at 2015-05-31 15:07:24 -0600


Started GET "/assets/twitter/bootstrap/collapse.self-a87553101c955a01e2e8c81fad69a16582ddbf58fe95d5eb335dde5567af7647.js?body=1" for ::1 at 2015-05-31 15:07:24 -0600


Started GET "/assets/twitter/bootstrap/popover.self-cd672ecad3b549e1dbd89bfd044e5812d6fdade56f42d48e3acee0c3f4614526.js?body=1" for ::1 at 2015-05-31 15:07:24 -0600


Started GET "/assets/twitter/bootstrap/carousel.self-5d09995e01b647168888180d40e271f9a6759d68ae7ac029d7026af58813d376.js?body=1" for ::1 at 2015-05-31 15:07:24 -0600


Started GET "/assets/twitter/bootstrap/affix.self-14e04bbe71282aa039322ab93e3a3a886ddede5f59a2f365f7c861f697bbeb21.js?body=1" for ::1 at 2015-05-31 15:07:24 -0600


Started GET "/assets/twitter/bootstrap.self-fbfa5ad7d9aa0afe439ec4ff3883acc4cb92b62cb67c40d674320c9aa1d4642d.js?body=1" for ::1 at 2015-05-31 15:07:24 -0600


Started GET "/assets/turbolinks.self-c37727e9bd6b2735da5c311aa83fead54ed0be6cc8bd9a65309e9c5abe2cbfff.js?body=1" for ::1 at 2015-05-31 15:07:24 -0600


Started GET "/assets/application.self-f98a0dd27ad1c55b2b9cfe97296d4887e5d4a4535b3bbbf9130c1050771738b2.js?body=1" for ::1 at 2015-05-31 15:07:24 -0600


Started GET "/assets/fontawesome-webfont-e3870de89716b72cb61a4bba0e17c75783b361cdaba35ea96961c3070bd8ca18.woff" for ::1 at 2015-05-31 15:07:24 -0600


Started GET "/" for ::1 at 2015-05-31 15:07:41 -0600
Processing by PagesController#home as HTML
  Rendered pages/home.html.haml within layouts/application (0.1ms)
Completed 200 OK in 744ms (Views: 743.4ms | ActiveRecord: 0.0ms)


Started GET "/assets/bootstrap_and_overrides.self-24fc0ed0468ee053e05e67be0bf5380452ae1cdfc7b4ce048f82692e1c8dd0a1.css?body=1" for ::1 at 2015-05-31 15:07:42 -0600


Started GET "/assets/application.self-db2176674119859cd0170571663c6c6f7a43d439a6adb966a16a89e7c79aa3b3.css?body=1" for ::1 at 2015-05-31 15:07:42 -0600


Started GET "/assets/pages.self-e3b0c44298fc1c149afbf4c8996fb92427ae41e4649b934ca495991b7852b855.css?body=1" for ::1 at 2015-05-31 15:07:42 -0600


Started GET "/assets/jquery.self-d03a5518f45df77341bdbe6201ba3bfa547ebba8ed64f0ea56bfa5f96ea7c074.js?body=1" for ::1 at 2015-05-31 15:07:42 -0600


Started GET "/assets/twitter/bootstrap/transition.self-db278e3a8fa6249c16796b113ebd29e11ef4e2cd021618ed84895d524a4511e0.js?body=1" for ::1 at 2015-05-31 15:07:42 -0600


Started GET "/assets/jquery_ujs.self-8e98a7a072a6cee1372d19fff9ff3e6aa1e39a37d89d6f06861637d061113ee7.js?body=1" for ::1 at 2015-05-31 15:07:42 -0600


Started GET "/assets/twitter/bootstrap/modal.self-ab1767545e27c0dbd36971e656ae4927171f673e3d932cdec2cbef39e991952b.js?body=1" for ::1 at 2015-05-31 15:07:42 -0600


Started GET "/assets/twitter/bootstrap/dropdown.self-8bb9309b6c24a4ba6b94026a049d25b13bdc0553b6fe83255c14a715ba624cc4.js?body=1" for ::1 at 2015-05-31 15:07:42 -0600


Started GET "/assets/twitter/bootstrap/alert.self-ebce91ec66c71bcee451ea7da9128fd1bf8faa02c6d22ea04c598423431e4c08.js?body=1" for ::1 at 2015-05-31 15:07:42 -0600


Started GET "/assets/twitter/bootstrap/scrollspy.self-bd0c6724cdc75302fe98dfeff923112b76c1673cf4a0752a7050b7feea15594c.js?body=1" for ::1 at 2015-05-31 15:07:42 -0600


Started GET "/assets/twitter/bootstrap/tab.self-7e3ee4a243bb416b5f0111a0be08f8547c5d72ba71fe4afe4a4a007f5cb4e10e.js?body=1" for ::1 at 2015-05-31 15:07:42 -0600


Started GET "/assets/twitter/bootstrap/tooltip.self-d7f9330825307d053f68da11bb9ddc9b070df72deef3d115f2f3d55f66b17457.js?body=1" for ::1 at 2015-05-31 15:07:42 -0600


Started GET "/assets/twitter/bootstrap/popover.self-cd672ecad3b549e1dbd89bfd044e5812d6fdade56f42d48e3acee0c3f4614526.js?body=1" for ::1 at 2015-05-31 15:07:42 -0600


Started GET "/assets/twitter/bootstrap/button.self-ceb562de883e04359bb2c06f07bdf6ecf065cc8a5027e2e58857c5e91b0b68e3.js?body=1" for ::1 at 2015-05-31 15:07:42 -0600


Started GET "/assets/twitter/bootstrap/collapse.self-a87553101c955a01e2e8c81fad69a16582ddbf58fe95d5eb335dde5567af7647.js?body=1" for ::1 at 2015-05-31 15:07:42 -0600


Started GET "/assets/twitter/bootstrap/carousel.self-5d09995e01b647168888180d40e271f9a6759d68ae7ac029d7026af58813d376.js?body=1" for ::1 at 2015-05-31 15:07:42 -0600


Started GET "/assets/twitter/bootstrap/affix.self-14e04bbe71282aa039322ab93e3a3a886ddede5f59a2f365f7c861f697bbeb21.js?body=1" for ::1 at 2015-05-31 15:07:42 -0600


Started GET "/assets/twitter/bootstrap.self-fbfa5ad7d9aa0afe439ec4ff3883acc4cb92b62cb67c40d674320c9aa1d4642d.js?body=1" for ::1 at 2015-05-31 15:07:42 -0600


Started GET "/assets/turbolinks.self-c37727e9bd6b2735da5c311aa83fead54ed0be6cc8bd9a65309e9c5abe2cbfff.js?body=1" for ::1 at 2015-05-31 15:07:42 -0600


Started GET "/assets/application.self-f98a0dd27ad1c55b2b9cfe97296d4887e5d4a4535b3bbbf9130c1050771738b2.js?body=1" for ::1 at 2015-05-31 15:07:42 -0600


Started GET "/assets/fontawesome-webfont-e3870de89716b72cb61a4bba0e17c75783b361cdaba35ea96961c3070bd8ca18.woff" for ::1 at 2015-05-31 15:07:42 -0600


Started GET "/" for ::1 at 2015-05-31 15:07:52 -0600
Processing by PagesController#home as HTML
  Rendered pages/home.html.haml within layouts/application (0.1ms)
Completed 200 OK in 743ms (Views: 741.8ms | ActiveRecord: 0.0ms)


Started GET "/assets/bootstrap_and_overrides.self-c5b35b9b25f62cecffc4f3143c48712c2878cc9f4755eacd17927f7dc149def6.css?body=1" for ::1 at 2015-05-31 15:07:53 -0600


Started GET "/assets/pages.self-e3b0c44298fc1c149afbf4c8996fb92427ae41e4649b934ca495991b7852b855.css?body=1" for ::1 at 2015-05-31 15:07:53 -0600


Started GET "/assets/application.self-db2176674119859cd0170571663c6c6f7a43d439a6adb966a16a89e7c79aa3b3.css?body=1" for ::1 at 2015-05-31 15:07:53 -0600


Started GET "/assets/twitter/bootstrap/alert.self-ebce91ec66c71bcee451ea7da9128fd1bf8faa02c6d22ea04c598423431e4c08.js?body=1" for ::1 at 2015-05-31 15:07:53 -0600


Started GET "/assets/twitter/bootstrap/transition.self-db278e3a8fa6249c16796b113ebd29e11ef4e2cd021618ed84895d524a4511e0.js?body=1" for ::1 at 2015-05-31 15:07:53 -0600


Started GET "/assets/jquery_ujs.self-8e98a7a072a6cee1372d19fff9ff3e6aa1e39a37d89d6f06861637d061113ee7.js?body=1" for ::1 at 2015-05-31 15:07:53 -0600


Started GET "/assets/jquery.self-d03a5518f45df77341bdbe6201ba3bfa547ebba8ed64f0ea56bfa5f96ea7c074.js?body=1" for ::1 at 2015-05-31 15:07:53 -0600


Started GET "/assets/twitter/bootstrap/modal.self-ab1767545e27c0dbd36971e656ae4927171f673e3d932cdec2cbef39e991952b.js?body=1" for ::1 at 2015-05-31 15:07:53 -0600


Started GET "/assets/twitter/bootstrap/dropdown.self-8bb9309b6c24a4ba6b94026a049d25b13bdc0553b6fe83255c14a715ba624cc4.js?body=1" for ::1 at 2015-05-31 15:07:53 -0600


Started GET "/assets/twitter/bootstrap/tab.self-7e3ee4a243bb416b5f0111a0be08f8547c5d72ba71fe4afe4a4a007f5cb4e10e.js?body=1" for ::1 at 2015-05-31 15:07:53 -0600


Started GET "/assets/twitter/bootstrap/scrollspy.self-bd0c6724cdc75302fe98dfeff923112b76c1673cf4a0752a7050b7feea15594c.js?body=1" for ::1 at 2015-05-31 15:07:53 -0600


Started GET "/assets/twitter/bootstrap/tooltip.self-d7f9330825307d053f68da11bb9ddc9b070df72deef3d115f2f3d55f66b17457.js?body=1" for ::1 at 2015-05-31 15:07:53 -0600


Started GET "/assets/twitter/bootstrap/popover.self-cd672ecad3b549e1dbd89bfd044e5812d6fdade56f42d48e3acee0c3f4614526.js?body=1" for ::1 at 2015-05-31 15:07:53 -0600


Started GET "/assets/twitter/bootstrap/button.self-ceb562de883e04359bb2c06f07bdf6ecf065cc8a5027e2e58857c5e91b0b68e3.js?body=1" for ::1 at 2015-05-31 15:07:53 -0600


Started GET "/assets/twitter/bootstrap/collapse.self-a87553101c955a01e2e8c81fad69a16582ddbf58fe95d5eb335dde5567af7647.js?body=1" for ::1 at 2015-05-31 15:07:53 -0600


Started GET "/assets/twitter/bootstrap/carousel.self-5d09995e01b647168888180d40e271f9a6759d68ae7ac029d7026af58813d376.js?body=1" for ::1 at 2015-05-31 15:07:53 -0600


Started GET "/assets/twitter/bootstrap/affix.self-14e04bbe71282aa039322ab93e3a3a886ddede5f59a2f365f7c861f697bbeb21.js?body=1" for ::1 at 2015-05-31 15:07:53 -0600


Started GET "/assets/twitter/bootstrap.self-fbfa5ad7d9aa0afe439ec4ff3883acc4cb92b62cb67c40d674320c9aa1d4642d.js?body=1" for ::1 at 2015-05-31 15:07:53 -0600


Started GET "/assets/turbolinks.self-c37727e9bd6b2735da5c311aa83fead54ed0be6cc8bd9a65309e9c5abe2cbfff.js?body=1" for ::1 at 2015-05-31 15:07:53 -0600


Started GET "/assets/application.self-f98a0dd27ad1c55b2b9cfe97296d4887e5d4a4535b3bbbf9130c1050771738b2.js?body=1" for ::1 at 2015-05-31 15:07:53 -0600


Started GET "/assets/fontawesome-webfont-e3870de89716b72cb61a4bba0e17c75783b361cdaba35ea96961c3070bd8ca18.woff" for ::1 at 2015-05-31 15:07:53 -0600


Started GET "/" for ::1 at 2015-05-31 15:08:08 -0600
Processing by PagesController#home as HTML
  Rendered pages/home.html.haml within layouts/application (0.1ms)
Completed 200 OK in 101ms (Views: 100.9ms | ActiveRecord: 0.0ms)


Started GET "/assets/bootstrap_and_overrides.self-c5b35b9b25f62cecffc4f3143c48712c2878cc9f4755eacd17927f7dc149def6.css?body=1" for ::1 at 2015-05-31 15:08:08 -0600


Started GET "/assets/pages.self-e3b0c44298fc1c149afbf4c8996fb92427ae41e4649b934ca495991b7852b855.css?body=1" for ::1 at 2015-05-31 15:08:08 -0600


Started GET "/assets/application.self-6b322c1cc57e3f3d125ab92e660e7548c4e013e8a2cbbcf3d917ffc6c15f211f.css?body=1" for ::1 at 2015-05-31 15:08:08 -0600


Started GET "/assets/jquery.self-d03a5518f45df77341bdbe6201ba3bfa547ebba8ed64f0ea56bfa5f96ea7c074.js?body=1" for ::1 at 2015-05-31 15:08:08 -0600


Started GET "/assets/jquery_ujs.self-8e98a7a072a6cee1372d19fff9ff3e6aa1e39a37d89d6f06861637d061113ee7.js?body=1" for ::1 at 2015-05-31 15:08:08 -0600


Started GET "/assets/twitter/bootstrap/modal.self-ab1767545e27c0dbd36971e656ae4927171f673e3d932cdec2cbef39e991952b.js?body=1" for ::1 at 2015-05-31 15:08:08 -0600


Started GET "/assets/twitter/bootstrap/alert.self-ebce91ec66c71bcee451ea7da9128fd1bf8faa02c6d22ea04c598423431e4c08.js?body=1" for ::1 at 2015-05-31 15:08:08 -0600


Started GET "/assets/twitter/bootstrap/transition.self-db278e3a8fa6249c16796b113ebd29e11ef4e2cd021618ed84895d524a4511e0.js?body=1" for ::1 at 2015-05-31 15:08:08 -0600


Started GET "/assets/twitter/bootstrap/dropdown.self-8bb9309b6c24a4ba6b94026a049d25b13bdc0553b6fe83255c14a715ba624cc4.js?body=1" for ::1 at 2015-05-31 15:08:08 -0600


Started GET "/assets/twitter/bootstrap/scrollspy.self-bd0c6724cdc75302fe98dfeff923112b76c1673cf4a0752a7050b7feea15594c.js?body=1" for ::1 at 2015-05-31 15:08:08 -0600


Started GET "/assets/twitter/bootstrap/tab.self-7e3ee4a243bb416b5f0111a0be08f8547c5d72ba71fe4afe4a4a007f5cb4e10e.js?body=1" for ::1 at 2015-05-31 15:08:08 -0600


Started GET "/assets/twitter/bootstrap/tooltip.self-d7f9330825307d053f68da11bb9ddc9b070df72deef3d115f2f3d55f66b17457.js?body=1" for ::1 at 2015-05-31 15:08:08 -0600


Started GET "/assets/twitter/bootstrap/popover.self-cd672ecad3b549e1dbd89bfd044e5812d6fdade56f42d48e3acee0c3f4614526.js?body=1" for ::1 at 2015-05-31 15:08:08 -0600


Started GET "/assets/twitter/bootstrap/button.self-ceb562de883e04359bb2c06f07bdf6ecf065cc8a5027e2e58857c5e91b0b68e3.js?body=1" for ::1 at 2015-05-31 15:08:08 -0600


Started GET "/assets/twitter/bootstrap/collapse.self-a87553101c955a01e2e8c81fad69a16582ddbf58fe95d5eb335dde5567af7647.js?body=1" for ::1 at 2015-05-31 15:08:08 -0600


Started GET "/assets/twitter/bootstrap/carousel.self-5d09995e01b647168888180d40e271f9a6759d68ae7ac029d7026af58813d376.js?body=1" for ::1 at 2015-05-31 15:08:08 -0600


Started GET "/assets/twitter/bootstrap/affix.self-14e04bbe71282aa039322ab93e3a3a886ddede5f59a2f365f7c861f697bbeb21.js?body=1" for ::1 at 2015-05-31 15:08:08 -0600


Started GET "/assets/twitter/bootstrap.self-fbfa5ad7d9aa0afe439ec4ff3883acc4cb92b62cb67c40d674320c9aa1d4642d.js?body=1" for ::1 at 2015-05-31 15:08:08 -0600


Started GET "/assets/turbolinks.self-c37727e9bd6b2735da5c311aa83fead54ed0be6cc8bd9a65309e9c5abe2cbfff.js?body=1" for ::1 at 2015-05-31 15:08:08 -0600


Started GET "/assets/application.self-f98a0dd27ad1c55b2b9cfe97296d4887e5d4a4535b3bbbf9130c1050771738b2.js?body=1" for ::1 at 2015-05-31 15:08:08 -0600


Started GET "/assets/fontawesome-webfont-e3870de89716b72cb61a4bba0e17c75783b361cdaba35ea96961c3070bd8ca18.woff" for ::1 at 2015-05-31 15:08:08 -0600


Started GET "/" for ::1 at 2015-05-31 15:08:24 -0600
Processing by PagesController#home as HTML
  Rendered pages/home.html.haml within layouts/application (0.1ms)
Completed 200 OK in 116ms (Views: 116.0ms | ActiveRecord: 0.0ms)


Started GET "/assets/bootstrap_and_overrides.self-c5b35b9b25f62cecffc4f3143c48712c2878cc9f4755eacd17927f7dc149def6.css?body=1" for ::1 at 2015-05-31 15:08:24 -0600


Started GET "/assets/pages.self-e3b0c44298fc1c149afbf4c8996fb92427ae41e4649b934ca495991b7852b855.css?body=1" for ::1 at 2015-05-31 15:08:24 -0600


Started GET "/assets/jquery_ujs.self-8e98a7a072a6cee1372d19fff9ff3e6aa1e39a37d89d6f06861637d061113ee7.js?body=1" for ::1 at 2015-05-31 15:08:24 -0600


Started GET "/assets/application.self-704d69209f1c52e9a090f7800876d6dad95d5bdcbf4aa7329bf1a8097fabbc56.css?body=1" for ::1 at 2015-05-31 15:08:24 -0600


Started GET "/assets/twitter/bootstrap/transition.self-db278e3a8fa6249c16796b113ebd29e11ef4e2cd021618ed84895d524a4511e0.js?body=1" for ::1 at 2015-05-31 15:08:24 -0600


Started GET "/assets/jquery.self-d03a5518f45df77341bdbe6201ba3bfa547ebba8ed64f0ea56bfa5f96ea7c074.js?body=1" for ::1 at 2015-05-31 15:08:24 -0600


Started GET "/assets/twitter/bootstrap/alert.self-ebce91ec66c71bcee451ea7da9128fd1bf8faa02c6d22ea04c598423431e4c08.js?body=1" for ::1 at 2015-05-31 15:08:24 -0600


Started GET "/assets/twitter/bootstrap/dropdown.self-8bb9309b6c24a4ba6b94026a049d25b13bdc0553b6fe83255c14a715ba624cc4.js?body=1" for ::1 at 2015-05-31 15:08:24 -0600


Started GET "/assets/twitter/bootstrap/modal.self-ab1767545e27c0dbd36971e656ae4927171f673e3d932cdec2cbef39e991952b.js?body=1" for ::1 at 2015-05-31 15:08:24 -0600


Started GET "/assets/twitter/bootstrap/scrollspy.self-bd0c6724cdc75302fe98dfeff923112b76c1673cf4a0752a7050b7feea15594c.js?body=1" for ::1 at 2015-05-31 15:08:24 -0600


Started GET "/assets/twitter/bootstrap/tab.self-7e3ee4a243bb416b5f0111a0be08f8547c5d72ba71fe4afe4a4a007f5cb4e10e.js?body=1" for ::1 at 2015-05-31 15:08:24 -0600


Started GET "/assets/twitter/bootstrap/tooltip.self-d7f9330825307d053f68da11bb9ddc9b070df72deef3d115f2f3d55f66b17457.js?body=1" for ::1 at 2015-05-31 15:08:24 -0600


Started GET "/assets/twitter/bootstrap/popover.self-cd672ecad3b549e1dbd89bfd044e5812d6fdade56f42d48e3acee0c3f4614526.js?body=1" for ::1 at 2015-05-31 15:08:24 -0600


Started GET "/assets/twitter/bootstrap/button.self-ceb562de883e04359bb2c06f07bdf6ecf065cc8a5027e2e58857c5e91b0b68e3.js?body=1" for ::1 at 2015-05-31 15:08:24 -0600


Started GET "/assets/twitter/bootstrap/collapse.self-a87553101c955a01e2e8c81fad69a16582ddbf58fe95d5eb335dde5567af7647.js?body=1" for ::1 at 2015-05-31 15:08:24 -0600


Started GET "/assets/twitter/bootstrap/carousel.self-5d09995e01b647168888180d40e271f9a6759d68ae7ac029d7026af58813d376.js?body=1" for ::1 at 2015-05-31 15:08:24 -0600


Started GET "/assets/twitter/bootstrap/affix.self-14e04bbe71282aa039322ab93e3a3a886ddede5f59a2f365f7c861f697bbeb21.js?body=1" for ::1 at 2015-05-31 15:08:24 -0600


Started GET "/assets/twitter/bootstrap.self-fbfa5ad7d9aa0afe439ec4ff3883acc4cb92b62cb67c40d674320c9aa1d4642d.js?body=1" for ::1 at 2015-05-31 15:08:24 -0600


Started GET "/assets/turbolinks.self-c37727e9bd6b2735da5c311aa83fead54ed0be6cc8bd9a65309e9c5abe2cbfff.js?body=1" for ::1 at 2015-05-31 15:08:24 -0600


Started GET "/assets/application.self-f98a0dd27ad1c55b2b9cfe97296d4887e5d4a4535b3bbbf9130c1050771738b2.js?body=1" for ::1 at 2015-05-31 15:08:24 -0600


Started GET "/assets/fontawesome-webfont-e3870de89716b72cb61a4bba0e17c75783b361cdaba35ea96961c3070bd8ca18.woff" for ::1 at 2015-05-31 15:08:24 -0600


Started GET "/" for ::1 at 2015-05-31 15:08:34 -0600
Processing by PagesController#home as HTML
  Rendered pages/home.html.haml within layouts/application (0.1ms)
Completed 200 OK in 118ms (Views: 117.4ms | ActiveRecord: 0.0ms)


Started GET "/assets/bootstrap_and_overrides.self-c5b35b9b25f62cecffc4f3143c48712c2878cc9f4755eacd17927f7dc149def6.css?body=1" for ::1 at 2015-05-31 15:08:34 -0600


Started GET "/assets/pages.self-e3b0c44298fc1c149afbf4c8996fb92427ae41e4649b934ca495991b7852b855.css?body=1" for ::1 at 2015-05-31 15:08:34 -0600


Started GET "/assets/jquery.self-d03a5518f45df77341bdbe6201ba3bfa547ebba8ed64f0ea56bfa5f96ea7c074.js?body=1" for ::1 at 2015-05-31 15:08:34 -0600


Started GET "/assets/application.self-bb1ad76a1dc98551b3cf58524698ce0c608f8bcef58a9dae79fdc03f11bd455c.css?body=1" for ::1 at 2015-05-31 15:08:34 -0600


Started GET "/assets/jquery_ujs.self-8e98a7a072a6cee1372d19fff9ff3e6aa1e39a37d89d6f06861637d061113ee7.js?body=1" for ::1 at 2015-05-31 15:08:34 -0600


Started GET "/assets/twitter/bootstrap/transition.self-db278e3a8fa6249c16796b113ebd29e11ef4e2cd021618ed84895d524a4511e0.js?body=1" for ::1 at 2015-05-31 15:08:34 -0600


Started GET "/assets/twitter/bootstrap/alert.self-ebce91ec66c71bcee451ea7da9128fd1bf8faa02c6d22ea04c598423431e4c08.js?body=1" for ::1 at 2015-05-31 15:08:34 -0600


Started GET "/assets/twitter/bootstrap/modal.self-ab1767545e27c0dbd36971e656ae4927171f673e3d932cdec2cbef39e991952b.js?body=1" for ::1 at 2015-05-31 15:08:35 -0600


Started GET "/assets/twitter/bootstrap/dropdown.self-8bb9309b6c24a4ba6b94026a049d25b13bdc0553b6fe83255c14a715ba624cc4.js?body=1" for ::1 at 2015-05-31 15:08:35 -0600


Started GET "/assets/twitter/bootstrap/scrollspy.self-bd0c6724cdc75302fe98dfeff923112b76c1673cf4a0752a7050b7feea15594c.js?body=1" for ::1 at 2015-05-31 15:08:35 -0600


Started GET "/assets/twitter/bootstrap/tab.self-7e3ee4a243bb416b5f0111a0be08f8547c5d72ba71fe4afe4a4a007f5cb4e10e.js?body=1" for ::1 at 2015-05-31 15:08:35 -0600


Started GET "/assets/twitter/bootstrap/tooltip.self-d7f9330825307d053f68da11bb9ddc9b070df72deef3d115f2f3d55f66b17457.js?body=1" for ::1 at 2015-05-31 15:08:35 -0600


Started GET "/assets/twitter/bootstrap/popover.self-cd672ecad3b549e1dbd89bfd044e5812d6fdade56f42d48e3acee0c3f4614526.js?body=1" for ::1 at 2015-05-31 15:08:35 -0600


Started GET "/assets/twitter/bootstrap/button.self-ceb562de883e04359bb2c06f07bdf6ecf065cc8a5027e2e58857c5e91b0b68e3.js?body=1" for ::1 at 2015-05-31 15:08:35 -0600


Started GET "/assets/twitter/bootstrap/collapse.self-a87553101c955a01e2e8c81fad69a16582ddbf58fe95d5eb335dde5567af7647.js?body=1" for ::1 at 2015-05-31 15:08:35 -0600


Started GET "/assets/twitter/bootstrap/carousel.self-5d09995e01b647168888180d40e271f9a6759d68ae7ac029d7026af58813d376.js?body=1" for ::1 at 2015-05-31 15:08:35 -0600


Started GET "/assets/twitter/bootstrap/affix.self-14e04bbe71282aa039322ab93e3a3a886ddede5f59a2f365f7c861f697bbeb21.js?body=1" for ::1 at 2015-05-31 15:08:35 -0600


Started GET "/assets/twitter/bootstrap.self-fbfa5ad7d9aa0afe439ec4ff3883acc4cb92b62cb67c40d674320c9aa1d4642d.js?body=1" for ::1 at 2015-05-31 15:08:35 -0600


Started GET "/assets/turbolinks.self-c37727e9bd6b2735da5c311aa83fead54ed0be6cc8bd9a65309e9c5abe2cbfff.js?body=1" for ::1 at 2015-05-31 15:08:35 -0600


Started GET "/assets/application.self-f98a0dd27ad1c55b2b9cfe97296d4887e5d4a4535b3bbbf9130c1050771738b2.js?body=1" for ::1 at 2015-05-31 15:08:35 -0600


Started GET "/assets/fontawesome-webfont-e3870de89716b72cb61a4bba0e17c75783b361cdaba35ea96961c3070bd8ca18.woff" for ::1 at 2015-05-31 15:08:35 -0600


Started GET "/" for ::1 at 2015-05-31 15:08:39 -0600
Processing by PagesController#home as HTML
  Rendered pages/home.html.haml within layouts/application (0.1ms)
Completed 200 OK in 109ms (Views: 108.0ms | ActiveRecord: 0.0ms)


Started GET "/assets/pages.self-e3b0c44298fc1c149afbf4c8996fb92427ae41e4649b934ca495991b7852b855.css?body=1" for ::1 at 2015-05-31 15:08:40 -0600


Started GET "/assets/application.self-6cd01f66b0eee56e64c215629c7845ad866eb190c5dba48d1e8c4e084fc90d19.css?body=1" for ::1 at 2015-05-31 15:08:40 -0600


Started GET "/assets/bootstrap_and_overrides.self-c5b35b9b25f62cecffc4f3143c48712c2878cc9f4755eacd17927f7dc149def6.css?body=1" for ::1 at 2015-05-31 15:08:40 -0600


Started GET "/assets/jquery_ujs.self-8e98a7a072a6cee1372d19fff9ff3e6aa1e39a37d89d6f06861637d061113ee7.js?body=1" for ::1 at 2015-05-31 15:08:40 -0600


Started GET "/assets/jquery.self-d03a5518f45df77341bdbe6201ba3bfa547ebba8ed64f0ea56bfa5f96ea7c074.js?body=1" for ::1 at 2015-05-31 15:08:40 -0600


Started GET "/assets/twitter/bootstrap/transition.self-db278e3a8fa6249c16796b113ebd29e11ef4e2cd021618ed84895d524a4511e0.js?body=1" for ::1 at 2015-05-31 15:08:40 -0600


Started GET "/assets/twitter/bootstrap/alert.self-ebce91ec66c71bcee451ea7da9128fd1bf8faa02c6d22ea04c598423431e4c08.js?body=1" for ::1 at 2015-05-31 15:08:40 -0600


Started GET "/assets/twitter/bootstrap/modal.self-ab1767545e27c0dbd36971e656ae4927171f673e3d932cdec2cbef39e991952b.js?body=1" for ::1 at 2015-05-31 15:08:40 -0600


Started GET "/assets/twitter/bootstrap/dropdown.self-8bb9309b6c24a4ba6b94026a049d25b13bdc0553b6fe83255c14a715ba624cc4.js?body=1" for ::1 at 2015-05-31 15:08:40 -0600


Started GET "/assets/twitter/bootstrap/scrollspy.self-bd0c6724cdc75302fe98dfeff923112b76c1673cf4a0752a7050b7feea15594c.js?body=1" for ::1 at 2015-05-31 15:08:40 -0600


Started GET "/assets/twitter/bootstrap/tab.self-7e3ee4a243bb416b5f0111a0be08f8547c5d72ba71fe4afe4a4a007f5cb4e10e.js?body=1" for ::1 at 2015-05-31 15:08:40 -0600


Started GET "/assets/twitter/bootstrap/tooltip.self-d7f9330825307d053f68da11bb9ddc9b070df72deef3d115f2f3d55f66b17457.js?body=1" for ::1 at 2015-05-31 15:08:40 -0600


Started GET "/assets/twitter/bootstrap/popover.self-cd672ecad3b549e1dbd89bfd044e5812d6fdade56f42d48e3acee0c3f4614526.js?body=1" for ::1 at 2015-05-31 15:08:40 -0600


Started GET "/assets/twitter/bootstrap/button.self-ceb562de883e04359bb2c06f07bdf6ecf065cc8a5027e2e58857c5e91b0b68e3.js?body=1" for ::1 at 2015-05-31 15:08:40 -0600


Started GET "/assets/twitter/bootstrap/collapse.self-a87553101c955a01e2e8c81fad69a16582ddbf58fe95d5eb335dde5567af7647.js?body=1" for ::1 at 2015-05-31 15:08:40 -0600


Started GET "/assets/twitter/bootstrap/carousel.self-5d09995e01b647168888180d40e271f9a6759d68ae7ac029d7026af58813d376.js?body=1" for ::1 at 2015-05-31 15:08:40 -0600


Started GET "/assets/twitter/bootstrap/affix.self-14e04bbe71282aa039322ab93e3a3a886ddede5f59a2f365f7c861f697bbeb21.js?body=1" for ::1 at 2015-05-31 15:08:40 -0600


Started GET "/assets/twitter/bootstrap.self-fbfa5ad7d9aa0afe439ec4ff3883acc4cb92b62cb67c40d674320c9aa1d4642d.js?body=1" for ::1 at 2015-05-31 15:08:40 -0600


Started GET "/assets/turbolinks.self-c37727e9bd6b2735da5c311aa83fead54ed0be6cc8bd9a65309e9c5abe2cbfff.js?body=1" for ::1 at 2015-05-31 15:08:40 -0600


Started GET "/assets/application.self-f98a0dd27ad1c55b2b9cfe97296d4887e5d4a4535b3bbbf9130c1050771738b2.js?body=1" for ::1 at 2015-05-31 15:08:40 -0600


Started GET "/assets/fontawesome-webfont-e3870de89716b72cb61a4bba0e17c75783b361cdaba35ea96961c3070bd8ca18.woff" for ::1 at 2015-05-31 15:08:40 -0600


Started GET "/" for ::1 at 2015-05-31 15:09:06 -0600
Processing by PagesController#home as HTML
  Rendered pages/home.html.haml within layouts/application (0.1ms)
Completed 200 OK in 92ms (Views: 92.0ms | ActiveRecord: 0.0ms)


Started GET "/assets/bootstrap_and_overrides.self-bdaf74dcb8d1f07469f70e0b258d1f11e45d4ba6f0d53c27f78cd9adfdf6ea84.css?body=1" for ::1 at 2015-05-31 15:09:06 -0600


Started GET "/assets/pages.self-e3b0c44298fc1c149afbf4c8996fb92427ae41e4649b934ca495991b7852b855.css?body=1" for ::1 at 2015-05-31 15:09:06 -0600


Started GET "/assets/jquery_ujs.self-8e98a7a072a6cee1372d19fff9ff3e6aa1e39a37d89d6f06861637d061113ee7.js?body=1" for ::1 at 2015-05-31 15:09:06 -0600


Started GET "/assets/application.self-db2176674119859cd0170571663c6c6f7a43d439a6adb966a16a89e7c79aa3b3.css?body=1" for ::1 at 2015-05-31 15:09:06 -0600


Started GET "/assets/twitter/bootstrap/transition.self-db278e3a8fa6249c16796b113ebd29e11ef4e2cd021618ed84895d524a4511e0.js?body=1" for ::1 at 2015-05-31 15:09:06 -0600


Started GET "/assets/jquery.self-d03a5518f45df77341bdbe6201ba3bfa547ebba8ed64f0ea56bfa5f96ea7c074.js?body=1" for ::1 at 2015-05-31 15:09:06 -0600


Started GET "/assets/twitter/bootstrap/alert.self-ebce91ec66c71bcee451ea7da9128fd1bf8faa02c6d22ea04c598423431e4c08.js?body=1" for ::1 at 2015-05-31 15:09:06 -0600


Started GET "/assets/twitter/bootstrap/modal.self-ab1767545e27c0dbd36971e656ae4927171f673e3d932cdec2cbef39e991952b.js?body=1" for ::1 at 2015-05-31 15:09:06 -0600


Started GET "/assets/twitter/bootstrap/scrollspy.self-bd0c6724cdc75302fe98dfeff923112b76c1673cf4a0752a7050b7feea15594c.js?body=1" for ::1 at 2015-05-31 15:09:06 -0600


Started GET "/assets/twitter/bootstrap/tab.self-7e3ee4a243bb416b5f0111a0be08f8547c5d72ba71fe4afe4a4a007f5cb4e10e.js?body=1" for ::1 at 2015-05-31 15:09:07 -0600


Started GET "/assets/twitter/bootstrap/dropdown.self-8bb9309b6c24a4ba6b94026a049d25b13bdc0553b6fe83255c14a715ba624cc4.js?body=1" for ::1 at 2015-05-31 15:09:07 -0600


Started GET "/assets/twitter/bootstrap/tooltip.self-d7f9330825307d053f68da11bb9ddc9b070df72deef3d115f2f3d55f66b17457.js?body=1" for ::1 at 2015-05-31 15:09:07 -0600


Started GET "/assets/twitter/bootstrap/popover.self-cd672ecad3b549e1dbd89bfd044e5812d6fdade56f42d48e3acee0c3f4614526.js?body=1" for ::1 at 2015-05-31 15:09:07 -0600


Started GET "/assets/twitter/bootstrap/button.self-ceb562de883e04359bb2c06f07bdf6ecf065cc8a5027e2e58857c5e91b0b68e3.js?body=1" for ::1 at 2015-05-31 15:09:07 -0600


Started GET "/assets/twitter/bootstrap/collapse.self-a87553101c955a01e2e8c81fad69a16582ddbf58fe95d5eb335dde5567af7647.js?body=1" for ::1 at 2015-05-31 15:09:07 -0600


Started GET "/assets/twitter/bootstrap/carousel.self-5d09995e01b647168888180d40e271f9a6759d68ae7ac029d7026af58813d376.js?body=1" for ::1 at 2015-05-31 15:09:07 -0600


Started GET "/assets/twitter/bootstrap/affix.self-14e04bbe71282aa039322ab93e3a3a886ddede5f59a2f365f7c861f697bbeb21.js?body=1" for ::1 at 2015-05-31 15:09:07 -0600


Started GET "/assets/twitter/bootstrap.self-fbfa5ad7d9aa0afe439ec4ff3883acc4cb92b62cb67c40d674320c9aa1d4642d.js?body=1" for ::1 at 2015-05-31 15:09:07 -0600


Started GET "/assets/turbolinks.self-c37727e9bd6b2735da5c311aa83fead54ed0be6cc8bd9a65309e9c5abe2cbfff.js?body=1" for ::1 at 2015-05-31 15:09:07 -0600


Started GET "/assets/application.self-f98a0dd27ad1c55b2b9cfe97296d4887e5d4a4535b3bbbf9130c1050771738b2.js?body=1" for ::1 at 2015-05-31 15:09:07 -0600


Started GET "/assets/fontawesome-webfont-e3870de89716b72cb61a4bba0e17c75783b361cdaba35ea96961c3070bd8ca18.woff" for ::1 at 2015-05-31 15:09:07 -0600


Started GET "/" for ::1 at 2015-05-31 15:13:30 -0600
Processing by PagesController#home as HTML
  Rendered pages/home.html.haml within layouts/application (0.1ms)
Completed 200 OK in 87ms (Views: 86.2ms | ActiveRecord: 0.0ms)


Started GET "/assets/bootstrap_and_overrides.self-bdaf74dcb8d1f07469f70e0b258d1f11e45d4ba6f0d53c27f78cd9adfdf6ea84.css?body=1" for ::1 at 2015-05-31 15:13:30 -0600


Started GET "/assets/jquery_ujs.self-8e98a7a072a6cee1372d19fff9ff3e6aa1e39a37d89d6f06861637d061113ee7.js?body=1" for ::1 at 2015-05-31 15:13:30 -0600


Started GET "/assets/application.self-db2176674119859cd0170571663c6c6f7a43d439a6adb966a16a89e7c79aa3b3.css?body=1" for ::1 at 2015-05-31 15:13:30 -0600


Started GET "/assets/pages.self-e3b0c44298fc1c149afbf4c8996fb92427ae41e4649b934ca495991b7852b855.css?body=1" for ::1 at 2015-05-31 15:13:30 -0600


Started GET "/assets/jquery.self-d03a5518f45df77341bdbe6201ba3bfa547ebba8ed64f0ea56bfa5f96ea7c074.js?body=1" for ::1 at 2015-05-31 15:13:30 -0600


Started GET "/assets/twitter/bootstrap/transition.self-db278e3a8fa6249c16796b113ebd29e11ef4e2cd021618ed84895d524a4511e0.js?body=1" for ::1 at 2015-05-31 15:13:30 -0600


Started GET "/assets/twitter/bootstrap/alert.self-ebce91ec66c71bcee451ea7da9128fd1bf8faa02c6d22ea04c598423431e4c08.js?body=1" for ::1 at 2015-05-31 15:13:30 -0600


Started GET "/assets/twitter/bootstrap/modal.self-ab1767545e27c0dbd36971e656ae4927171f673e3d932cdec2cbef39e991952b.js?body=1" for ::1 at 2015-05-31 15:13:30 -0600


Started GET "/assets/twitter/bootstrap/dropdown.self-8bb9309b6c24a4ba6b94026a049d25b13bdc0553b6fe83255c14a715ba624cc4.js?body=1" for ::1 at 2015-05-31 15:13:30 -0600


Started GET "/assets/twitter/bootstrap/scrollspy.self-bd0c6724cdc75302fe98dfeff923112b76c1673cf4a0752a7050b7feea15594c.js?body=1" for ::1 at 2015-05-31 15:13:30 -0600


Started GET "/assets/twitter/bootstrap/tab.self-7e3ee4a243bb416b5f0111a0be08f8547c5d72ba71fe4afe4a4a007f5cb4e10e.js?body=1" for ::1 at 2015-05-31 15:13:30 -0600


Started GET "/assets/twitter/bootstrap/tooltip.self-d7f9330825307d053f68da11bb9ddc9b070df72deef3d115f2f3d55f66b17457.js?body=1" for ::1 at 2015-05-31 15:13:30 -0600


Started GET "/assets/twitter/bootstrap/popover.self-cd672ecad3b549e1dbd89bfd044e5812d6fdade56f42d48e3acee0c3f4614526.js?body=1" for ::1 at 2015-05-31 15:13:30 -0600


Started GET "/assets/twitter/bootstrap/button.self-ceb562de883e04359bb2c06f07bdf6ecf065cc8a5027e2e58857c5e91b0b68e3.js?body=1" for ::1 at 2015-05-31 15:13:30 -0600


Started GET "/assets/twitter/bootstrap/collapse.self-a87553101c955a01e2e8c81fad69a16582ddbf58fe95d5eb335dde5567af7647.js?body=1" for ::1 at 2015-05-31 15:13:30 -0600


Started GET "/assets/twitter/bootstrap/carousel.self-5d09995e01b647168888180d40e271f9a6759d68ae7ac029d7026af58813d376.js?body=1" for ::1 at 2015-05-31 15:13:30 -0600


Started GET "/assets/twitter/bootstrap/affix.self-14e04bbe71282aa039322ab93e3a3a886ddede5f59a2f365f7c861f697bbeb21.js?body=1" for ::1 at 2015-05-31 15:13:30 -0600


Started GET "/assets/twitter/bootstrap.self-fbfa5ad7d9aa0afe439ec4ff3883acc4cb92b62cb67c40d674320c9aa1d4642d.js?body=1" for ::1 at 2015-05-31 15:13:30 -0600


Started GET "/assets/turbolinks.self-c37727e9bd6b2735da5c311aa83fead54ed0be6cc8bd9a65309e9c5abe2cbfff.js?body=1" for ::1 at 2015-05-31 15:13:30 -0600


Started GET "/assets/application.self-f98a0dd27ad1c55b2b9cfe97296d4887e5d4a4535b3bbbf9130c1050771738b2.js?body=1" for ::1 at 2015-05-31 15:13:30 -0600


Started GET "/assets/fontawesome-webfont-e3870de89716b72cb61a4bba0e17c75783b361cdaba35ea96961c3070bd8ca18.woff" for ::1 at 2015-05-31 15:13:30 -0600
